42831e26-7044-49fe-a1b8-fd45d03925b5 ai5flye6t910z-ats.iot.eu-west-1.amazonaws.com {'ca': 'AmazonRootCA1.pem', 'private': 'private.key', 'certificate': 'certificate.pem'} device_2 data
Trying to setup Device
Setup Done
Trying to connect
Connected
{'device_id': 'device_2', 'timestamp': '2020-05-04 12:40:56.787442', 'flow': 75, 'temperature': 17, 'humidity': 62, 'sound': 106}
{'device_id': 'device_2', 'timestamp': '2020-05-04 12:41:06.871197', 'flow': 88, 'temperature': 16, 'humidity': 73, 'sound': 105}
{'device_id': 'device_2', 'timestamp': '2020-05-04 12:41:16.972698', 'flow': 97, 'temperature': 20, 'humidity': 72, 'sound': 113}
{'device_id': 'device_2', 'timestamp': '2020-05-04 12:41:27.023808', 'flow': 74, 'temperature': 26, 'humidity': 69, 'sound': 113}
{'device_id': 'device_2', 'timestamp': '2020-05-04 12:41:37.096004', 'flow': 89, 'temperature': 19, 'humidity': 73, 'sound': 129}
{'device_id': 'device_2', 'timestamp': '2020-05-04 12:41:47.140631', 'flow': 71, 'temperature': 23, 'humidity': 78, 'sound': 119}
{'device_id': 'device_2', 'timestamp': '2020-05-04 12:41:57.190975', 'flow': 60, 'temperature': 31, 'humidity': 53, 'sound': 117}
{'device_id': 'device_2', 'timestamp': '2020-05-04 12:42:07.230310', 'flow': 100, 'temperature': 20, 'humidity': 58, 'sound': 107}
{'device_id': 'device_2', 'timestamp': '2020-05-04 12:42:17.269611', 'flow': 95, 'temperature': 17, 'humidity': 73, 'sound': 134}
{'device_id': 'device_2', 'timestamp': '2020-05-04 12:42:27.315102', 'flow': 75, 'temperature': 26, 'humidity': 80, 'sound': 103}
{'device_id': 'device_2', 'timestamp': '2020-05-04 12:42:37.359658', 'flow': 93, 'temperature': 30, 'humidity': 69, 'sound': 105}
{'device_id': 'device_2', 'timestamp': '2020-05-04 12:42:47.409384', 'flow': 98, 'temperature': 15, 'humidity': 50, 'sound': 130}
{'device_id': 'device_2', 'timestamp': '2020-05-04 12:42:57.453689', 'flow': 99, 'temperature': 17, 'humidity': 51, 'sound': 125}
{'device_id': 'device_2', 'timestamp': '2020-05-04 12:43:07.513776', 'flow': 95, 'temperature': 21, 'humidity': 64, 'sound': 123}
{'device_id': 'device_2', 'timestamp': '2020-05-04 12:43:17.552587', 'flow': 91, 'temperature': 20, 'humidity': 56, 'sound': 120}
{'device_id': 'device_2', 'timestamp': '2020-05-04 12:43:27.589732', 'flow': 63, 'temperature': 16, 'humidity': 73, 'sound': 117}
{'device_id': 'device_2', 'timestamp': '2020-05-04 12:43:37.631299', 'flow': 97, 'temperature': 16, 'humidity': 71, 'sound': 105}
{'device_id': 'device_2', 'timestamp': '2020-05-04 12:43:47.669948', 'flow': 64, 'temperature': 29, 'humidity': 56, 'sound': 117}
{'device_id': 'device_2', 'timestamp': '2020-05-04 12:43:57.729504', 'flow': 69, 'temperature': 15, 'humidity': 59, 'sound': 130}
{'device_id': 'device_2', 'timestamp': '2020-05-04 12:44:07.769870', 'flow': 79, 'temperature': 28, 'humidity': 74, 'sound': 116}
{'device_id': 'device_2', 'timestamp': '2020-05-04 12:44:17.818996', 'flow': 86, 'temperature': 31, 'humidity': 51, 'sound': 111}
{'device_id': 'device_2', 'timestamp': '2020-05-04 12:44:27.872482', 'flow': 65, 'temperature': 28, 'humidity': 77, 'sound': 122}
{'device_id': 'device_2', 'timestamp': '2020-05-04 12:44:37.921112', 'flow': 94, 'temperature': 20, 'humidity': 52, 'sound': 118}
{'device_id': 'device_2', 'timestamp': '2020-05-04 12:44:47.980065', 'flow': 74, 'temperature': 15, 'humidity': 61, 'sound': 128}
{'device_id': 'device_2', 'timestamp': '2020-05-04 12:44:58.025961', 'flow': 92, 'temperature': 25, 'humidity': 72, 'sound': 135}
{'device_id': 'device_2', 'timestamp': '2020-05-04 12:45:08.073904', 'flow': 69, 'temperature': 29, 'humidity': 52, 'sound': 103}
{'device_id': 'device_2', 'timestamp': '2020-05-04 12:45:18.134493', 'flow': 60, 'temperature': 22, 'humidity': 86, 'sound': 100}
{'device_id': 'device_2', 'timestamp': '2020-05-04 12:45:28.181659', 'flow': 78, 'temperature': 18, 'humidity': 81, 'sound': 121}
{'device_id': 'device_2', 'timestamp': '2020-05-04 12:45:38.230334', 'flow': 64, 'temperature': 26, 'humidity': 89, 'sound': 129}
{'device_id': 'device_2', 'timestamp': '2020-05-04 12:45:48.274951', 'flow': 87, 'temperature': 30, 'humidity': 75, 'sound': 117}
{'device_id': 'device_2', 'timestamp': '2020-05-04 12:45:58.325236', 'flow': 96, 'temperature': 34, 'humidity': 89, 'sound': 140}
{'device_id': 'device_2', 'timestamp': '2020-05-04 12:46:08.423784', 'flow': 70, 'temperature': 18, 'humidity': 67, 'sound': 135}
{'device_id': 'device_2', 'timestamp': '2020-05-04 12:46:18.475904', 'flow': 90, 'temperature': 29, 'humidity': 76, 'sound': 133}
{'device_id': 'device_2', 'timestamp': '2020-05-04 12:46:28.530231', 'flow': 64, 'temperature': 26, 'humidity': 57, 'sound': 106}
{'device_id': 'device_2', 'timestamp': '2020-05-04 12:46:38.688350', 'flow': 86, 'temperature': 24, 'humidity': 81, 'sound': 122}
{'device_id': 'device_2', 'timestamp': '2020-05-04 12:46:48.747376', 'flow': 84, 'temperature': 28, 'humidity': 78, 'sound': 121}
{'device_id': 'device_2', 'timestamp': '2020-05-04 12:46:58.800901', 'flow': 73, 'temperature': 31, 'humidity': 59, 'sound': 108}
{'device_id': 'device_2', 'timestamp': '2020-05-04 12:47:08.847703', 'flow': 78, 'temperature': 28, 'humidity': 81, 'sound': 114}
{'device_id': 'device_2', 'timestamp': '2020-05-04 12:47:18.899311', 'flow': 77, 'temperature': 21, 'humidity': 79, 'sound': 113}
{'device_id': 'device_2', 'timestamp': '2020-05-04 12:47:28.942983', 'flow': 99, 'temperature': 19, 'humidity': 75, 'sound': 140}
{'device_id': 'device_2', 'timestamp': '2020-05-04 12:47:39.002372', 'flow': 69, 'temperature': 30, 'humidity': 70, 'sound': 130}
{'device_id': 'device_2', 'timestamp': '2020-05-04 12:47:49.049803', 'flow': 89, 'temperature': 33, 'humidity': 64, 'sound': 109}
{'device_id': 'device_2', 'timestamp': '2020-05-04 12:47:59.094910', 'flow': 66, 'temperature': 23, 'humidity': 80, 'sound': 115}
{'device_id': 'device_2', 'timestamp': '2020-05-04 12:48:09.164455', 'flow': 63, 'temperature': 28, 'humidity': 57, 'sound': 100}
{'device_id': 'device_2', 'timestamp': '2020-05-04 12:48:19.216308', 'flow': 88, 'temperature': 17, 'humidity': 90, 'sound': 120}
{'device_id': 'device_2', 'timestamp': '2020-05-04 12:48:29.266470', 'flow': 76, 'temperature': 32, 'humidity': 66, 'sound': 115}
{'device_id': 'device_2', 'timestamp': '2020-05-04 12:48:39.330437', 'flow': 84, 'temperature': 26, 'humidity': 89, 'sound': 114}
{'device_id': 'device_2', 'timestamp': '2020-05-04 12:48:49.447191', 'flow': 99, 'temperature': 35, 'humidity': 56, 'sound': 126}
{'device_id': 'device_2', 'timestamp': '2020-05-04 12:48:59.502683', 'flow': 60, 'temperature': 15, 'humidity': 88, 'sound': 102}
{'device_id': 'device_2', 'timestamp': '2020-05-04 12:49:09.555795', 'flow': 71, 'temperature': 15, 'humidity': 64, 'sound': 101}
{'device_id': 'device_2', 'timestamp': '2020-05-04 12:49:19.603751', 'flow': 73, 'temperature': 26, 'humidity': 72, 'sound': 102}
{'device_id': 'device_2', 'timestamp': '2020-05-04 12:49:29.652345', 'flow': 90, 'temperature': 25, 'humidity': 59, 'sound': 140}
{'device_id': 'device_2', 'timestamp': '2020-05-04 12:49:39.739026', 'flow': 78, 'temperature': 15, 'humidity': 62, 'sound': 117}
{'device_id': 'device_2', 'timestamp': '2020-05-04 12:49:49.787932', 'flow': 61, 'temperature': 23, 'humidity': 64, 'sound': 128}
{'device_id': 'device_2', 'timestamp': '2020-05-04 12:49:59.831566', 'flow': 95, 'temperature': 25, 'humidity': 50, 'sound': 133}
{'device_id': 'device_2', 'timestamp': '2020-05-04 12:50:09.883186', 'flow': 100, 'temperature': 29, 'humidity': 54, 'sound': 112}
{'device_id': 'device_2', 'timestamp': '2020-05-04 12:50:19.930436', 'flow': 99, 'temperature': 28, 'humidity': 78, 'sound': 121}
{'device_id': 'device_2', 'timestamp': '2020-05-04 12:50:29.978404', 'flow': 73, 'temperature': 30, 'humidity': 65, 'sound': 137}
{'device_id': 'device_2', 'timestamp': '2020-05-04 12:50:40.038707', 'flow': 90, 'temperature': 17, 'humidity': 67, 'sound': 102}
{'device_id': 'device_2', 'timestamp': '2020-05-04 12:50:50.081900', 'flow': 83, 'temperature': 22, 'humidity': 90, 'sound': 102}
{'device_id': 'device_2', 'timestamp': '2020-05-04 12:51:00.179912', 'flow': 71, 'temperature': 27, 'humidity': 60, 'sound': 118}
{'device_id': 'device_2', 'timestamp': '2020-05-04 12:51:10.247394', 'flow': 88, 'temperature': 27, 'humidity': 69, 'sound': 103}
{'device_id': 'device_2', 'timestamp': '2020-05-04 12:51:20.313487', 'flow': 89, 'temperature': 26, 'humidity': 70, 'sound': 122}
{'device_id': 'device_2', 'timestamp': '2020-05-04 12:51:30.374145', 'flow': 75, 'temperature': 21, 'humidity': 77, 'sound': 131}
{'device_id': 'device_2', 'timestamp': '2020-05-04 12:51:40.426067', 'flow': 74, 'temperature': 22, 'humidity': 84, 'sound': 112}
{'device_id': 'device_2', 'timestamp': '2020-05-04 12:51:50.478170', 'flow': 91, 'temperature': 25, 'humidity': 81, 'sound': 111}
{'device_id': 'device_2', 'timestamp': '2020-05-04 12:52:00.523421', 'flow': 66, 'temperature': 33, 'humidity': 55, 'sound': 120}
{'device_id': 'device_2', 'timestamp': '2020-05-04 12:52:10.568952', 'flow': 62, 'temperature': 30, 'humidity': 64, 'sound': 130}
{'device_id': 'device_2', 'timestamp': '2020-05-04 12:52:20.611950', 'flow': 89, 'temperature': 17, 'humidity': 72, 'sound': 120}
{'device_id': 'device_2', 'timestamp': '2020-05-04 12:52:30.653117', 'flow': 94, 'temperature': 24, 'humidity': 85, 'sound': 135}
{'device_id': 'device_2', 'timestamp': '2020-05-04 12:52:40.703139', 'flow': 60, 'temperature': 31, 'humidity': 87, 'sound': 112}
{'device_id': 'device_2', 'timestamp': '2020-05-04 12:52:50.750521', 'flow': 60, 'temperature': 23, 'humidity': 65, 'sound': 106}
{'device_id': 'device_2', 'timestamp': '2020-05-04 12:53:00.791785', 'flow': 63, 'temperature': 18, 'humidity': 75, 'sound': 115}
{'device_id': 'device_2', 'timestamp': '2020-05-04 12:53:10.833077', 'flow': 74, 'temperature': 26, 'humidity': 75, 'sound': 104}
{'device_id': 'device_2', 'timestamp': '2020-05-04 12:53:20.884324', 'flow': 90, 'temperature': 15, 'humidity': 71, 'sound': 111}
{'device_id': 'device_2', 'timestamp': '2020-05-04 12:53:30.934523', 'flow': 89, 'temperature': 20, 'humidity': 90, 'sound': 115}
{'device_id': 'device_2', 'timestamp': '2020-05-04 12:53:40.977784', 'flow': 85, 'temperature': 22, 'humidity': 84, 'sound': 135}
{'device_id': 'device_2', 'timestamp': '2020-05-04 12:53:51.045466', 'flow': 93, 'temperature': 18, 'humidity': 55, 'sound': 140}
{'device_id': 'device_2', 'timestamp': '2020-05-04 12:54:01.091885', 'flow': 82, 'temperature': 27, 'humidity': 85, 'sound': 112}
{'device_id': 'device_2', 'timestamp': '2020-05-04 12:54:11.136385', 'flow': 68, 'temperature': 35, 'humidity': 87, 'sound': 119}
{'device_id': 'device_2', 'timestamp': '2020-05-04 12:54:21.180534', 'flow': 70, 'temperature': 15, 'humidity': 87, 'sound': 120}
{'device_id': 'device_2', 'timestamp': '2020-05-04 12:54:31.256500', 'flow': 67, 'temperature': 33, 'humidity': 59, 'sound': 139}
{'device_id': 'device_2', 'timestamp': '2020-05-04 12:54:41.316829', 'flow': 98, 'temperature': 35, 'humidity': 74, 'sound': 127}
{'device_id': 'device_2', 'timestamp': '2020-05-04 12:54:51.383789', 'flow': 70, 'temperature': 22, 'humidity': 80, 'sound': 129}
{'device_id': 'device_2', 'timestamp': '2020-05-04 12:55:01.438956', 'flow': 78, 'temperature': 24, 'humidity': 68, 'sound': 100}
{'device_id': 'device_2', 'timestamp': '2020-05-04 12:55:11.494972', 'flow': 86, 'temperature': 16, 'humidity': 58, 'sound': 134}
{'device_id': 'device_2', 'timestamp': '2020-05-04 12:55:21.588060', 'flow': 91, 'temperature': 28, 'humidity': 79, 'sound': 138}
{'device_id': 'device_2', 'timestamp': '2020-05-04 12:55:31.668539', 'flow': 61, 'temperature': 32, 'humidity': 54, 'sound': 138}
{'device_id': 'device_2', 'timestamp': '2020-05-04 12:55:41.715930', 'flow': 74, 'temperature': 30, 'humidity': 80, 'sound': 135}
{'device_id': 'device_2', 'timestamp': '2020-05-04 12:55:51.775034', 'flow': 92, 'temperature': 34, 'humidity': 72, 'sound': 104}
{'device_id': 'device_2', 'timestamp': '2020-05-04 12:56:01.822398', 'flow': 68, 'temperature': 23, 'humidity': 68, 'sound': 129}
{'device_id': 'device_2', 'timestamp': '2020-05-04 12:56:11.916263', 'flow': 60, 'temperature': 16, 'humidity': 67, 'sound': 124}
{'device_id': 'device_2', 'timestamp': '2020-05-04 12:56:21.974851', 'flow': 66, 'temperature': 15, 'humidity': 81, 'sound': 130}
{'device_id': 'device_2', 'timestamp': '2020-05-04 12:56:32.032081', 'flow': 63, 'temperature': 17, 'humidity': 64, 'sound': 112}
{'device_id': 'device_2', 'timestamp': '2020-05-04 12:56:42.102881', 'flow': 95, 'temperature': 15, 'humidity': 53, 'sound': 101}
{'device_id': 'device_2', 'timestamp': '2020-05-04 12:56:52.149345', 'flow': 73, 'temperature': 19, 'humidity': 70, 'sound': 131}
{'device_id': 'device_2', 'timestamp': '2020-05-04 12:57:02.196786', 'flow': 62, 'temperature': 32, 'humidity': 63, 'sound': 126}
{'device_id': 'device_2', 'timestamp': '2020-05-04 12:57:12.242376', 'flow': 84, 'temperature': 27, 'humidity': 74, 'sound': 107}
{'device_id': 'device_2', 'timestamp': '2020-05-04 12:57:22.289037', 'flow': 67, 'temperature': 19, 'humidity': 74, 'sound': 101}
{'device_id': 'device_2', 'timestamp': '2020-05-04 12:57:32.340346', 'flow': 99, 'temperature': 28, 'humidity': 83, 'sound': 118}
{'device_id': 'device_2', 'timestamp': '2020-05-04 12:57:42.382538', 'flow': 90, 'temperature': 33, 'humidity': 87, 'sound': 110}
{'device_id': 'device_2', 'timestamp': '2020-05-04 12:57:52.441702', 'flow': 88, 'temperature': 25, 'humidity': 50, 'sound': 101}
{'device_id': 'device_2', 'timestamp': '2020-05-04 12:58:02.484756', 'flow': 91, 'temperature': 22, 'humidity': 81, 'sound': 115}
{'device_id': 'device_2', 'timestamp': '2020-05-04 12:58:12.536101', 'flow': 60, 'temperature': 33, 'humidity': 79, 'sound': 113}
{'device_id': 'device_2', 'timestamp': '2020-05-04 12:58:22.589248', 'flow': 82, 'temperature': 23, 'humidity': 71, 'sound': 123}
{'device_id': 'device_2', 'timestamp': '2020-05-04 12:58:32.652149', 'flow': 80, 'temperature': 31, 'humidity': 63, 'sound': 139}
{'device_id': 'device_2', 'timestamp': '2020-05-04 12:58:42.717779', 'flow': 83, 'temperature': 22, 'humidity': 71, 'sound': 135}
{'device_id': 'device_2', 'timestamp': '2020-05-04 12:58:52.765802', 'flow': 78, 'temperature': 16, 'humidity': 50, 'sound': 116}
{'device_id': 'device_2', 'timestamp': '2020-05-04 12:59:02.817182', 'flow': 70, 'temperature': 29, 'humidity': 66, 'sound': 119}
{'device_id': 'device_2', 'timestamp': '2020-05-04 12:59:12.870044', 'flow': 80, 'temperature': 24, 'humidity': 55, 'sound': 119}
{'device_id': 'device_2', 'timestamp': '2020-05-04 12:59:22.915915', 'flow': 94, 'temperature': 29, 'humidity': 64, 'sound': 111}
{'device_id': 'device_2', 'timestamp': '2020-05-04 12:59:32.987185', 'flow': 62, 'temperature': 17, 'humidity': 75, 'sound': 135}
{'device_id': 'device_2', 'timestamp': '2020-05-04 12:59:43.034632', 'flow': 78, 'temperature': 29, 'humidity': 80, 'sound': 107}
{'device_id': 'device_2', 'timestamp': '2020-05-04 12:59:53.083903', 'flow': 65, 'temperature': 16, 'humidity': 52, 'sound': 101}
{'device_id': 'device_2', 'timestamp': '2020-05-04 13:00:03.135257', 'flow': 89, 'temperature': 30, 'humidity': 71, 'sound': 125}
{'device_id': 'device_2', 'timestamp': '2020-05-04 13:00:13.197703', 'flow': 77, 'temperature': 31, 'humidity': 50, 'sound': 125}
{'device_id': 'device_2', 'timestamp': '2020-05-04 13:00:23.247821', 'flow': 96, 'temperature': 22, 'humidity': 66, 'sound': 120}
{'device_id': 'device_2', 'timestamp': '2020-05-04 13:00:33.373908', 'flow': 88, 'temperature': 22, 'humidity': 78, 'sound': 115}
{'device_id': 'device_2', 'timestamp': '2020-05-04 13:00:43.420336', 'flow': 78, 'temperature': 23, 'humidity': 73, 'sound': 138}
{'device_id': 'device_2', 'timestamp': '2020-05-04 13:00:53.479400', 'flow': 64, 'temperature': 26, 'humidity': 72, 'sound': 104}
{'device_id': 'device_2', 'timestamp': '2020-05-04 13:01:03.572593', 'flow': 61, 'temperature': 18, 'humidity': 83, 'sound': 124}
{'device_id': 'device_2', 'timestamp': '2020-05-04 13:01:13.654052', 'flow': 79, 'temperature': 32, 'humidity': 57, 'sound': 111}
{'device_id': 'device_2', 'timestamp': '2020-05-04 13:01:23.714038', 'flow': 80, 'temperature': 34, 'humidity': 76, 'sound': 116}
{'device_id': 'device_2', 'timestamp': '2020-05-04 13:01:33.777217', 'flow': 91, 'temperature': 18, 'humidity': 82, 'sound': 106}
{'device_id': 'device_2', 'timestamp': '2020-05-04 13:01:43.833479', 'flow': 69, 'temperature': 35, 'humidity': 82, 'sound': 125}
{'device_id': 'device_2', 'timestamp': '2020-05-04 13:01:53.888356', 'flow': 69, 'temperature': 30, 'humidity': 62, 'sound': 109}
{'device_id': 'device_2', 'timestamp': '2020-05-04 13:02:03.939150', 'flow': 64, 'temperature': 26, 'humidity': 73, 'sound': 103}
{'device_id': 'device_2', 'timestamp': '2020-05-04 13:02:13.990718', 'flow': 91, 'temperature': 15, 'humidity': 59, 'sound': 137}
{'device_id': 'device_2', 'timestamp': '2020-05-04 13:02:24.038436', 'flow': 81, 'temperature': 17, 'humidity': 77, 'sound': 124}
{'device_id': 'device_2', 'timestamp': '2020-05-04 13:02:34.109006', 'flow': 81, 'temperature': 33, 'humidity': 79, 'sound': 116}
{'device_id': 'device_2', 'timestamp': '2020-05-04 13:02:44.157543', 'flow': 76, 'temperature': 30, 'humidity': 83, 'sound': 124}
{'device_id': 'device_2', 'timestamp': '2020-05-04 13:02:54.201802', 'flow': 70, 'temperature': 24, 'humidity': 60, 'sound': 117}
{'device_id': 'device_2', 'timestamp': '2020-05-04 13:03:04.285177', 'flow': 61, 'temperature': 22, 'humidity': 73, 'sound': 122}
{'device_id': 'device_2', 'timestamp': '2020-05-04 13:03:14.339254', 'flow': 66, 'temperature': 17, 'humidity': 81, 'sound': 129}
{'device_id': 'device_2', 'timestamp': '2020-05-04 13:03:24.385871', 'flow': 100, 'temperature': 29, 'humidity': 54, 'sound': 110}
{'device_id': 'device_2', 'timestamp': '2020-05-04 13:03:34.432686', 'flow': 91, 'temperature': 27, 'humidity': 63, 'sound': 109}
{'device_id': 'device_2', 'timestamp': '2020-05-04 13:03:44.478094', 'flow': 62, 'temperature': 23, 'humidity': 73, 'sound': 103}
{'device_id': 'device_2', 'timestamp': '2020-05-04 13:03:54.575019', 'flow': 67, 'temperature': 35, 'humidity': 90, 'sound': 105}
{'device_id': 'device_2', 'timestamp': '2020-05-04 13:04:04.629426', 'flow': 80, 'temperature': 26, 'humidity': 65, 'sound': 117}
{'device_id': 'device_2', 'timestamp': '2020-05-04 13:04:14.677539', 'flow': 97, 'temperature': 25, 'humidity': 73, 'sound': 112}
{'device_id': 'device_2', 'timestamp': '2020-05-04 13:04:24.730013', 'flow': 68, 'temperature': 16, 'humidity': 52, 'sound': 112}
{'device_id': 'device_2', 'timestamp': '2020-05-04 13:04:34.784854', 'flow': 83, 'temperature': 16, 'humidity': 77, 'sound': 114}
{'device_id': 'device_2', 'timestamp': '2020-05-04 13:04:44.833840', 'flow': 90, 'temperature': 16, 'humidity': 89, 'sound': 133}
{'device_id': 'device_2', 'timestamp': '2020-05-04 13:04:54.878075', 'flow': 68, 'temperature': 15, 'humidity': 67, 'sound': 134}
{'device_id': 'device_2', 'timestamp': '2020-05-04 13:05:04.923397', 'flow': 62, 'temperature': 18, 'humidity': 51, 'sound': 124}
{'device_id': 'device_2', 'timestamp': '2020-05-04 13:05:14.971266', 'flow': 83, 'temperature': 23, 'humidity': 84, 'sound': 132}
{'device_id': 'device_2', 'timestamp': '2020-05-04 13:05:25.017783', 'flow': 61, 'temperature': 16, 'humidity': 51, 'sound': 113}
{'device_id': 'device_2', 'timestamp': '2020-05-04 13:05:35.065762', 'flow': 63, 'temperature': 33, 'humidity': 70, 'sound': 121}
{'device_id': 'device_2', 'timestamp': '2020-05-04 13:05:45.112846', 'flow': 81, 'temperature': 32, 'humidity': 84, 'sound': 110}
{'device_id': 'device_2', 'timestamp': '2020-05-04 13:05:55.159943', 'flow': 98, 'temperature': 24, 'humidity': 81, 'sound': 132}
{'device_id': 'device_2', 'timestamp': '2020-05-04 13:06:05.207367', 'flow': 62, 'temperature': 21, 'humidity': 87, 'sound': 134}
{'device_id': 'device_2', 'timestamp': '2020-05-04 13:06:15.284281', 'flow': 97, 'temperature': 33, 'humidity': 80, 'sound': 121}
{'device_id': 'device_2', 'timestamp': '2020-05-04 13:06:25.333458', 'flow': 92, 'temperature': 35, 'humidity': 74, 'sound': 129}
{'device_id': 'device_2', 'timestamp': '2020-05-04 13:06:35.392986', 'flow': 86, 'temperature': 20, 'humidity': 73, 'sound': 112}
{'device_id': 'device_2', 'timestamp': '2020-05-04 13:06:45.462093', 'flow': 71, 'temperature': 16, 'humidity': 82, 'sound': 137}
{'device_id': 'device_2', 'timestamp': '2020-05-04 13:06:55.524609', 'flow': 72, 'temperature': 17, 'humidity': 72, 'sound': 124}
{'device_id': 'device_2', 'timestamp': '2020-05-04 13:07:05.600364', 'flow': 80, 'temperature': 29, 'humidity': 70, 'sound': 108}
{'device_id': 'device_2', 'timestamp': '2020-05-04 13:07:15.668130', 'flow': 68, 'temperature': 16, 'humidity': 64, 'sound': 110}
{'device_id': 'device_2', 'timestamp': '2020-05-04 13:07:25.725283', 'flow': 78, 'temperature': 23, 'humidity': 86, 'sound': 104}
{'device_id': 'device_2', 'timestamp': '2020-05-04 13:07:35.776813', 'flow': 70, 'temperature': 35, 'humidity': 56, 'sound': 110}
{'device_id': 'device_2', 'timestamp': '2020-05-04 13:07:45.824746', 'flow': 88, 'temperature': 20, 'humidity': 72, 'sound': 124}
{'device_id': 'device_2', 'timestamp': '2020-05-04 13:07:55.882226', 'flow': 81, 'temperature': 20, 'humidity': 52, 'sound': 127}
{'device_id': 'device_2', 'timestamp': '2020-05-04 13:08:05.930960', 'flow': 68, 'temperature': 15, 'humidity': 73, 'sound': 135}
{'device_id': 'device_2', 'timestamp': '2020-05-04 13:08:15.977627', 'flow': 98, 'temperature': 17, 'humidity': 82, 'sound': 115}
{'device_id': 'device_2', 'timestamp': '2020-05-04 13:08:26.030711', 'flow': 68, 'temperature': 19, 'humidity': 90, 'sound': 137}
{'device_id': 'device_2', 'timestamp': '2020-05-04 13:08:36.082220', 'flow': 69, 'temperature': 24, 'humidity': 59, 'sound': 133}
{'device_id': 'device_2', 'timestamp': '2020-05-04 13:08:46.153385', 'flow': 81, 'temperature': 25, 'humidity': 73, 'sound': 107}
{'device_id': 'device_2', 'timestamp': '2020-05-04 13:08:56.199190', 'flow': 83, 'temperature': 18, 'humidity': 56, 'sound': 138}
{'device_id': 'device_2', 'timestamp': '2020-05-04 13:09:06.246198', 'flow': 96, 'temperature': 24, 'humidity': 81, 'sound': 126}
{'device_id': 'device_2', 'timestamp': '2020-05-04 13:09:16.318092', 'flow': 75, 'temperature': 18, 'humidity': 61, 'sound': 112}
{'device_id': 'device_2', 'timestamp': '2020-05-04 13:09:26.403122', 'flow': 100, 'temperature': 16, 'humidity': 63, 'sound': 102}
{'device_id': 'device_2', 'timestamp': '2020-05-04 13:09:36.452098', 'flow': 97, 'temperature': 25, 'humidity': 81, 'sound': 140}
{'device_id': 'device_2', 'timestamp': '2020-05-04 13:09:46.508524', 'flow': 63, 'temperature': 26, 'humidity': 82, 'sound': 105}
{'device_id': 'device_2', 'timestamp': '2020-05-04 13:09:56.602966', 'flow': 89, 'temperature': 35, 'humidity': 54, 'sound': 123}
{'device_id': 'device_2', 'timestamp': '2020-05-04 13:10:06.664307', 'flow': 90, 'temperature': 33, 'humidity': 79, 'sound': 140}
{'device_id': 'device_2', 'timestamp': '2020-05-04 13:10:16.715587', 'flow': 81, 'temperature': 33, 'humidity': 86, 'sound': 131}
{'device_id': 'device_2', 'timestamp': '2020-05-04 13:10:26.764751', 'flow': 91, 'temperature': 33, 'humidity': 60, 'sound': 128}
{'device_id': 'device_2', 'timestamp': '2020-05-04 13:10:36.810163', 'flow': 87, 'temperature': 27, 'humidity': 56, 'sound': 105}
{'device_id': 'device_2', 'timestamp': '2020-05-04 13:10:46.856312', 'flow': 62, 'temperature': 34, 'humidity': 60, 'sound': 103}
{'device_id': 'device_2', 'timestamp': '2020-05-04 13:10:56.907663', 'flow': 94, 'temperature': 28, 'humidity': 86, 'sound': 129}
{'device_id': 'device_2', 'timestamp': '2020-05-04 13:11:06.956779', 'flow': 86, 'temperature': 15, 'humidity': 81, 'sound': 121}
{'device_id': 'device_2', 'timestamp': '2020-05-04 13:11:17.025831', 'flow': 69, 'temperature': 27, 'humidity': 66, 'sound': 116}
{'device_id': 'device_2', 'timestamp': '2020-05-04 13:11:27.094673', 'flow': 99, 'temperature': 15, 'humidity': 62, 'sound': 106}
{'device_id': 'device_2', 'timestamp': '2020-05-04 13:11:37.183035', 'flow': 66, 'temperature': 21, 'humidity': 75, 'sound': 101}
{'device_id': 'device_2', 'timestamp': '2020-05-04 13:11:47.248450', 'flow': 84, 'temperature': 26, 'humidity': 84, 'sound': 130}
{'device_id': 'device_2', 'timestamp': '2020-05-04 13:11:57.337059', 'flow': 83, 'temperature': 35, 'humidity': 52, 'sound': 130}
{'device_id': 'device_2', 'timestamp': '2020-05-04 13:12:07.384597', 'flow': 97, 'temperature': 21, 'humidity': 66, 'sound': 113}
{'device_id': 'device_2', 'timestamp': '2020-05-04 13:12:17.431746', 'flow': 95, 'temperature': 18, 'humidity': 54, 'sound': 140}
{'device_id': 'device_2', 'timestamp': '2020-05-04 13:12:27.481624', 'flow': 60, 'temperature': 18, 'humidity': 66, 'sound': 110}
{'device_id': 'device_2', 'timestamp': '2020-05-04 13:12:37.566821', 'flow': 63, 'temperature': 31, 'humidity': 74, 'sound': 104}
{'device_id': 'device_2', 'timestamp': '2020-05-04 13:12:47.617881', 'flow': 65, 'temperature': 16, 'humidity': 64, 'sound': 136}
{'device_id': 'device_2', 'timestamp': '2020-05-04 13:12:57.669033', 'flow': 74, 'temperature': 33, 'humidity': 59, 'sound': 122}
{'device_id': 'device_2', 'timestamp': '2020-05-04 13:13:07.720257', 'flow': 64, 'temperature': 27, 'humidity': 75, 'sound': 107}
{'device_id': 'device_2', 'timestamp': '2020-05-04 13:13:17.769938', 'flow': 92, 'temperature': 26, 'humidity': 72, 'sound': 122}
{'device_id': 'device_2', 'timestamp': '2020-05-04 13:13:27.821813', 'flow': 81, 'temperature': 21, 'humidity': 69, 'sound': 131}
{'device_id': 'device_2', 'timestamp': '2020-05-04 13:13:38.018903', 'flow': 83, 'temperature': 19, 'humidity': 65, 'sound': 106}
{'device_id': 'device_2', 'timestamp': '2020-05-04 13:13:48.063547', 'flow': 82, 'temperature': 33, 'humidity': 69, 'sound': 108}
{'device_id': 'device_2', 'timestamp': '2020-05-04 13:13:58.393768', 'flow': 65, 'temperature': 18, 'humidity': 78, 'sound': 122}
{'device_id': 'device_2', 'timestamp': '2020-05-04 13:14:08.467694', 'flow': 98, 'temperature': 27, 'humidity': 70, 'sound': 125}
{'device_id': 'device_2', 'timestamp': '2020-05-04 13:14:18.536962', 'flow': 81, 'temperature': 26, 'humidity': 70, 'sound': 110}
{'device_id': 'device_2', 'timestamp': '2020-05-04 13:14:28.586817', 'flow': 88, 'temperature': 23, 'humidity': 88, 'sound': 113}
{'device_id': 'device_2', 'timestamp': '2020-05-04 13:14:38.630158', 'flow': 78, 'temperature': 23, 'humidity': 68, 'sound': 112}
{'device_id': 'device_2', 'timestamp': '2020-05-04 13:14:48.678596', 'flow': 86, 'temperature': 32, 'humidity': 84, 'sound': 102}
{'device_id': 'device_2', 'timestamp': '2020-05-04 13:14:58.726827', 'flow': 69, 'temperature': 28, 'humidity': 75, 'sound': 139}
{'device_id': 'device_2', 'timestamp': '2020-05-04 13:15:08.774068', 'flow': 67, 'temperature': 35, 'humidity': 53, 'sound': 108}
{'device_id': 'device_2', 'timestamp': '2020-05-04 13:15:18.818270', 'flow': 82, 'temperature': 17, 'humidity': 53, 'sound': 123}
{'device_id': 'device_2', 'timestamp': '2020-05-04 13:15:28.860996', 'flow': 93, 'temperature': 27, 'humidity': 65, 'sound': 103}
{'device_id': 'device_2', 'timestamp': '2020-05-04 13:15:38.904734', 'flow': 79, 'temperature': 18, 'humidity': 81, 'sound': 112}
{'device_id': 'device_2', 'timestamp': '2020-05-04 13:15:48.951811', 'flow': 76, 'temperature': 33, 'humidity': 61, 'sound': 129}
{'device_id': 'device_2', 'timestamp': '2020-05-04 13:15:58.996379', 'flow': 88, 'temperature': 15, 'humidity': 51, 'sound': 137}
{'device_id': 'device_2', 'timestamp': '2020-05-04 13:16:09.050884', 'flow': 85, 'temperature': 35, 'humidity': 52, 'sound': 124}
{'device_id': 'device_2', 'timestamp': '2020-05-04 13:16:19.125936', 'flow': 77, 'temperature': 22, 'humidity': 90, 'sound': 125}
{'device_id': 'device_2', 'timestamp': '2020-05-04 13:16:29.226938', 'flow': 92, 'temperature': 27, 'humidity': 79, 'sound': 113}
{'device_id': 'device_2', 'timestamp': '2020-05-04 13:16:39.279336', 'flow': 72, 'temperature': 26, 'humidity': 71, 'sound': 134}
{'device_id': 'device_2', 'timestamp': '2020-05-04 13:16:49.327196', 'flow': 98, 'temperature': 21, 'humidity': 61, 'sound': 118}
{'device_id': 'device_2', 'timestamp': '2020-05-04 13:16:59.386395', 'flow': 94, 'temperature': 19, 'humidity': 89, 'sound': 135}
{'device_id': 'device_2', 'timestamp': '2020-05-04 13:17:09.431795', 'flow': 83, 'temperature': 25, 'humidity': 75, 'sound': 102}
{'device_id': 'device_2', 'timestamp': '2020-05-04 13:17:19.486894', 'flow': 78, 'temperature': 26, 'humidity': 53, 'sound': 134}
{'device_id': 'device_2', 'timestamp': '2020-05-04 13:17:29.531143', 'flow': 75, 'temperature': 16, 'humidity': 68, 'sound': 120}
{'device_id': 'device_2', 'timestamp': '2020-05-04 13:17:39.576790', 'flow': 77, 'temperature': 17, 'humidity': 60, 'sound': 115}
{'device_id': 'device_2', 'timestamp': '2020-05-04 13:17:49.624430', 'flow': 95, 'temperature': 33, 'humidity': 50, 'sound': 137}
{'device_id': 'device_2', 'timestamp': '2020-05-04 13:17:59.673067', 'flow': 71, 'temperature': 33, 'humidity': 66, 'sound': 102}
{'device_id': 'device_2', 'timestamp': '2020-05-04 13:18:09.719738', 'flow': 78, 'temperature': 23, 'humidity': 62, 'sound': 128}
{'device_id': 'device_2', 'timestamp': '2020-05-04 13:18:19.772221', 'flow': 73, 'temperature': 27, 'humidity': 75, 'sound': 136}
{'device_id': 'device_2', 'timestamp': '2020-05-04 13:18:29.826103', 'flow': 79, 'temperature': 23, 'humidity': 81, 'sound': 129}
{'device_id': 'device_2', 'timestamp': '2020-05-04 13:18:39.904223', 'flow': 75, 'temperature': 29, 'humidity': 74, 'sound': 114}
{'device_id': 'device_2', 'timestamp': '2020-05-04 13:18:49.948436', 'flow': 71, 'temperature': 26, 'humidity': 55, 'sound': 134}
{'device_id': 'device_2', 'timestamp': '2020-05-04 13:19:00.010171', 'flow': 93, 'temperature': 27, 'humidity': 90, 'sound': 110}
{'device_id': 'device_2', 'timestamp': '2020-05-04 13:19:10.064078', 'flow': 90, 'temperature': 28, 'humidity': 58, 'sound': 131}
{'device_id': 'device_2', 'timestamp': '2020-05-04 13:19:20.117966', 'flow': 82, 'temperature': 35, 'humidity': 71, 'sound': 139}
{'device_id': 'device_2', 'timestamp': '2020-05-04 13:19:30.163057', 'flow': 91, 'temperature': 35, 'humidity': 55, 'sound': 114}
{'device_id': 'device_2', 'timestamp': '2020-05-04 13:19:40.212032', 'flow': 86, 'temperature': 22, 'humidity': 70, 'sound': 137}
{'device_id': 'device_2', 'timestamp': '2020-05-04 13:19:50.283779', 'flow': 60, 'temperature': 21, 'humidity': 70, 'sound': 105}
{'device_id': 'device_2', 'timestamp': '2020-05-04 13:20:00.343211', 'flow': 66, 'temperature': 29, 'humidity': 87, 'sound': 119}
{'device_id': 'device_2', 'timestamp': '2020-05-04 13:20:10.453504', 'flow': 87, 'temperature': 18, 'humidity': 52, 'sound': 120}
{'device_id': 'device_2', 'timestamp': '2020-05-04 13:20:20.576563', 'flow': 98, 'temperature': 35, 'humidity': 56, 'sound': 107}
{'device_id': 'device_2', 'timestamp': '2020-05-04 13:20:30.637266', 'flow': 93, 'temperature': 30, 'humidity': 68, 'sound': 101}
{'device_id': 'device_2', 'timestamp': '2020-05-04 13:20:40.721576', 'flow': 73, 'temperature': 25, 'humidity': 79, 'sound': 121}
{'device_id': 'device_2', 'timestamp': '2020-05-04 13:20:50.784042', 'flow': 86, 'temperature': 31, 'humidity': 72, 'sound': 115}
{'device_id': 'device_2', 'timestamp': '2020-05-04 13:21:00.866565', 'flow': 77, 'temperature': 33, 'humidity': 70, 'sound': 138}
{'device_id': 'device_2', 'timestamp': '2020-05-04 13:21:10.936393', 'flow': 71, 'temperature': 24, 'humidity': 51, 'sound': 106}
{'device_id': 'device_2', 'timestamp': '2020-05-04 13:21:21.004066', 'flow': 99, 'temperature': 30, 'humidity': 74, 'sound': 140}
{'device_id': 'device_2', 'timestamp': '2020-05-04 13:21:31.050898', 'flow': 93, 'temperature': 27, 'humidity': 79, 'sound': 138}
{'device_id': 'device_2', 'timestamp': '2020-05-04 13:21:41.100630', 'flow': 65, 'temperature': 15, 'humidity': 53, 'sound': 122}
{'device_id': 'device_2', 'timestamp': '2020-05-04 13:21:51.157050', 'flow': 62, 'temperature': 18, 'humidity': 74, 'sound': 112}
{'device_id': 'device_2', 'timestamp': '2020-05-04 13:22:01.201246', 'flow': 91, 'temperature': 30, 'humidity': 72, 'sound': 107}
{'device_id': 'device_2', 'timestamp': '2020-05-04 13:22:11.270804', 'flow': 100, 'temperature': 28, 'humidity': 56, 'sound': 101}
{'device_id': 'device_2', 'timestamp': '2020-05-04 13:22:21.337200', 'flow': 81, 'temperature': 24, 'humidity': 68, 'sound': 122}
{'device_id': 'device_2', 'timestamp': '2020-05-04 13:22:31.395784', 'flow': 62, 'temperature': 24, 'humidity': 58, 'sound': 130}
{'device_id': 'device_2', 'timestamp': '2020-05-04 13:22:41.470239', 'flow': 94, 'temperature': 34, 'humidity': 79, 'sound': 116}
{'device_id': 'device_2', 'timestamp': '2020-05-04 13:22:51.578864', 'flow': 68, 'temperature': 35, 'humidity': 84, 'sound': 129}
{'device_id': 'device_2', 'timestamp': '2020-05-04 13:23:01.661553', 'flow': 68, 'temperature': 24, 'humidity': 71, 'sound': 127}
{'device_id': 'device_2', 'timestamp': '2020-05-04 13:23:11.706251', 'flow': 92, 'temperature': 28, 'humidity': 65, 'sound': 106}
{'device_id': 'device_2', 'timestamp': '2020-05-04 13:23:21.767154', 'flow': 63, 'temperature': 35, 'humidity': 60, 'sound': 115}
{'device_id': 'device_2', 'timestamp': '2020-05-04 13:23:31.851531', 'flow': 85, 'temperature': 23, 'humidity': 62, 'sound': 134}
{'device_id': 'device_2', 'timestamp': '2020-05-04 13:23:41.921117', 'flow': 78, 'temperature': 18, 'humidity': 60, 'sound': 118}
{'device_id': 'device_2', 'timestamp': '2020-05-04 13:23:51.984684', 'flow': 67, 'temperature': 31, 'humidity': 86, 'sound': 112}
{'device_id': 'device_2', 'timestamp': '2020-05-04 13:24:02.026395', 'flow': 81, 'temperature': 25, 'humidity': 51, 'sound': 137}
{'device_id': 'device_2', 'timestamp': '2020-05-04 13:24:12.065871', 'flow': 67, 'temperature': 15, 'humidity': 82, 'sound': 123}
{'device_id': 'device_2', 'timestamp': '2020-05-04 13:24:22.105119', 'flow': 96, 'temperature': 35, 'humidity': 73, 'sound': 135}
{'device_id': 'device_2', 'timestamp': '2020-05-04 13:24:32.148263', 'flow': 88, 'temperature': 21, 'humidity': 79, 'sound': 131}
{'device_id': 'device_2', 'timestamp': '2020-05-04 13:24:42.207613', 'flow': 94, 'temperature': 25, 'humidity': 86, 'sound': 137}
{'device_id': 'device_2', 'timestamp': '2020-05-04 13:24:52.251243', 'flow': 60, 'temperature': 16, 'humidity': 87, 'sound': 114}
{'device_id': 'device_2', 'timestamp': '2020-05-04 13:25:02.306878', 'flow': 82, 'temperature': 34, 'humidity': 90, 'sound': 139}
{'device_id': 'device_2', 'timestamp': '2020-05-04 13:25:12.355623', 'flow': 83, 'temperature': 29, 'humidity': 84, 'sound': 120}
{'device_id': 'device_2', 'timestamp': '2020-05-04 13:25:22.444157', 'flow': 60, 'temperature': 24, 'humidity': 56, 'sound': 116}
{'device_id': 'device_2', 'timestamp': '2020-05-04 13:25:32.492643', 'flow': 63, 'temperature': 35, 'humidity': 63, 'sound': 115}
{'device_id': 'device_2', 'timestamp': '2020-05-04 13:25:42.556558', 'flow': 82, 'temperature': 21, 'humidity': 84, 'sound': 114}
{'device_id': 'device_2', 'timestamp': '2020-05-04 13:25:52.610461', 'flow': 88, 'temperature': 19, 'humidity': 60, 'sound': 117}
{'device_id': 'device_2', 'timestamp': '2020-05-04 13:26:02.657462', 'flow': 60, 'temperature': 18, 'humidity': 86, 'sound': 139}
{'device_id': 'device_2', 'timestamp': '2020-05-04 13:26:12.704119', 'flow': 79, 'temperature': 22, 'humidity': 58, 'sound': 105}
{'device_id': 'device_2', 'timestamp': '2020-05-04 13:26:22.776719', 'flow': 85, 'temperature': 16, 'humidity': 72, 'sound': 100}
{'device_id': 'device_2', 'timestamp': '2020-05-04 13:26:32.862319', 'flow': 75, 'temperature': 31, 'humidity': 90, 'sound': 132}
{'device_id': 'device_2', 'timestamp': '2020-05-04 13:26:42.950923', 'flow': 93, 'temperature': 18, 'humidity': 76, 'sound': 114}
{'device_id': 'device_2', 'timestamp': '2020-05-04 13:26:53.020557', 'flow': 85, 'temperature': 15, 'humidity': 71, 'sound': 102}
{'device_id': 'device_2', 'timestamp': '2020-05-04 13:27:03.097236', 'flow': 71, 'temperature': 20, 'humidity': 79, 'sound': 136}
{'device_id': 'device_2', 'timestamp': '2020-05-04 13:27:13.153207', 'flow': 65, 'temperature': 22, 'humidity': 64, 'sound': 124}
{'device_id': 'device_2', 'timestamp': '2020-05-04 13:27:23.210768', 'flow': 66, 'temperature': 21, 'humidity': 84, 'sound': 115}
{'device_id': 'device_2', 'timestamp': '2020-05-04 13:27:33.371174', 'flow': 63, 'temperature': 25, 'humidity': 89, 'sound': 130}
{'device_id': 'device_2', 'timestamp': '2020-05-04 13:27:43.433836', 'flow': 96, 'temperature': 26, 'humidity': 80, 'sound': 124}
{'device_id': 'device_2', 'timestamp': '2020-05-04 13:27:53.527238', 'flow': 74, 'temperature': 18, 'humidity': 70, 'sound': 130}
{'device_id': 'device_2', 'timestamp': '2020-05-04 13:28:03.580017', 'flow': 71, 'temperature': 16, 'humidity': 50, 'sound': 106}
{'device_id': 'device_2', 'timestamp': '2020-05-04 13:28:13.628353', 'flow': 68, 'temperature': 16, 'humidity': 62, 'sound': 119}
{'device_id': 'device_2', 'timestamp': '2020-05-04 13:28:23.679687', 'flow': 87, 'temperature': 21, 'humidity': 52, 'sound': 108}
{'device_id': 'device_2', 'timestamp': '2020-05-04 13:28:33.725405', 'flow': 87, 'temperature': 26, 'humidity': 69, 'sound': 113}
{'device_id': 'device_2', 'timestamp': '2020-05-04 13:28:43.784763', 'flow': 95, 'temperature': 27, 'humidity': 52, 'sound': 114}
{'device_id': 'device_2', 'timestamp': '2020-05-04 13:28:53.830435', 'flow': 73, 'temperature': 24, 'humidity': 59, 'sound': 108}
{'device_id': 'device_2', 'timestamp': '2020-05-04 13:29:03.888296', 'flow': 85, 'temperature': 20, 'humidity': 59, 'sound': 118}
{'device_id': 'device_2', 'timestamp': '2020-05-04 13:29:13.938443', 'flow': 91, 'temperature': 22, 'humidity': 55, 'sound': 128}
{'device_id': 'device_2', 'timestamp': '2020-05-04 13:29:24.024395', 'flow': 60, 'temperature': 16, 'humidity': 58, 'sound': 124}
{'device_id': 'device_2', 'timestamp': '2020-05-04 13:29:34.067801', 'flow': 61, 'temperature': 18, 'humidity': 85, 'sound': 140}
{'device_id': 'device_2', 'timestamp': '2020-05-04 13:29:44.166179', 'flow': 70, 'temperature': 22, 'humidity': 61, 'sound': 113}
{'device_id': 'device_2', 'timestamp': '2020-05-04 13:29:54.217177', 'flow': 76, 'temperature': 26, 'humidity': 51, 'sound': 122}
{'device_id': 'device_2', 'timestamp': '2020-05-04 13:30:04.270254', 'flow': 71, 'temperature': 20, 'humidity': 62, 'sound': 104}
{'device_id': 'device_2', 'timestamp': '2020-05-04 13:30:14.318970', 'flow': 92, 'temperature': 32, 'humidity': 59, 'sound': 137}
{'device_id': 'device_2', 'timestamp': '2020-05-04 13:30:24.364068', 'flow': 79, 'temperature': 24, 'humidity': 79, 'sound': 105}
{'device_id': 'device_2', 'timestamp': '2020-05-04 13:30:34.428000', 'flow': 73, 'temperature': 33, 'humidity': 72, 'sound': 121}
{'device_id': 'device_2', 'timestamp': '2020-05-04 13:30:44.471607', 'flow': 80, 'temperature': 22, 'humidity': 82, 'sound': 108}
{'device_id': 'device_2', 'timestamp': '2020-05-04 13:30:54.519155', 'flow': 76, 'temperature': 34, 'humidity': 59, 'sound': 116}
{'device_id': 'device_2', 'timestamp': '2020-05-04 13:31:04.564986', 'flow': 68, 'temperature': 18, 'humidity': 73, 'sound': 112}
{'device_id': 'device_2', 'timestamp': '2020-05-04 13:31:14.611639', 'flow': 86, 'temperature': 20, 'humidity': 75, 'sound': 139}
{'device_id': 'device_2', 'timestamp': '2020-05-04 13:31:24.684818', 'flow': 88, 'temperature': 29, 'humidity': 84, 'sound': 106}
{'device_id': 'device_2', 'timestamp': '2020-05-04 13:31:34.733257', 'flow': 83, 'temperature': 34, 'humidity': 83, 'sound': 119}
{'device_id': 'device_2', 'timestamp': '2020-05-04 13:31:44.786905', 'flow': 83, 'temperature': 30, 'humidity': 80, 'sound': 130}
{'device_id': 'device_2', 'timestamp': '2020-05-04 13:31:54.833931', 'flow': 85, 'temperature': 34, 'humidity': 71, 'sound': 116}
{'device_id': 'device_2', 'timestamp': '2020-05-04 13:32:04.879370', 'flow': 86, 'temperature': 17, 'humidity': 86, 'sound': 111}
{'device_id': 'device_2', 'timestamp': '2020-05-04 13:32:14.931687', 'flow': 65, 'temperature': 22, 'humidity': 68, 'sound': 121}
{'device_id': 'device_2', 'timestamp': '2020-05-04 13:32:24.987023', 'flow': 98, 'temperature': 31, 'humidity': 72, 'sound': 137}
{'device_id': 'device_2', 'timestamp': '2020-05-04 13:32:35.033943', 'flow': 87, 'temperature': 30, 'humidity': 61, 'sound': 132}
{'device_id': 'device_2', 'timestamp': '2020-05-04 13:32:45.079332', 'flow': 80, 'temperature': 23, 'humidity': 64, 'sound': 124}
{'device_id': 'device_2', 'timestamp': '2020-05-04 13:32:55.161529', 'flow': 93, 'temperature': 18, 'humidity': 77, 'sound': 105}
{'device_id': 'device_2', 'timestamp': '2020-05-04 13:33:05.226283', 'flow': 63, 'temperature': 25, 'humidity': 71, 'sound': 104}
{'device_id': 'device_2', 'timestamp': '2020-05-04 13:33:15.275022', 'flow': 77, 'temperature': 15, 'humidity': 61, 'sound': 100}
{'device_id': 'device_2', 'timestamp': '2020-05-04 13:33:25.318220', 'flow': 92, 'temperature': 33, 'humidity': 73, 'sound': 133}
{'device_id': 'device_2', 'timestamp': '2020-05-04 13:33:35.483112', 'flow': 66, 'temperature': 26, 'humidity': 63, 'sound': 121}
{'device_id': 'device_2', 'timestamp': '2020-05-04 13:33:45.550368', 'flow': 90, 'temperature': 15, 'humidity': 53, 'sound': 125}
{'device_id': 'device_2', 'timestamp': '2020-05-04 13:33:55.596688', 'flow': 98, 'temperature': 35, 'humidity': 84, 'sound': 139}
{'device_id': 'device_2', 'timestamp': '2020-05-04 13:34:05.650348', 'flow': 60, 'temperature': 18, 'humidity': 86, 'sound': 124}
{'device_id': 'device_2', 'timestamp': '2020-05-04 13:34:15.696996', 'flow': 75, 'temperature': 15, 'humidity': 86, 'sound': 104}
{'device_id': 'device_2', 'timestamp': '2020-05-04 13:34:25.759280', 'flow': 94, 'temperature': 23, 'humidity': 75, 'sound': 100}
{'device_id': 'device_2', 'timestamp': '2020-05-04 13:34:35.802657', 'flow': 62, 'temperature': 25, 'humidity': 68, 'sound': 111}
{'device_id': 'device_2', 'timestamp': '2020-05-04 13:34:45.851807', 'flow': 68, 'temperature': 28, 'humidity': 57, 'sound': 120}
{'device_id': 'device_2', 'timestamp': '2020-05-04 13:34:55.917414', 'flow': 69, 'temperature': 18, 'humidity': 66, 'sound': 133}
{'device_id': 'device_2', 'timestamp': '2020-05-04 13:35:05.985709', 'flow': 63, 'temperature': 19, 'humidity': 62, 'sound': 124}
{'device_id': 'device_2', 'timestamp': '2020-05-04 13:35:16.040634', 'flow': 84, 'temperature': 22, 'humidity': 70, 'sound': 112}
{'device_id': 'device_2', 'timestamp': '2020-05-04 13:35:26.168050', 'flow': 87, 'temperature': 28, 'humidity': 63, 'sound': 126}
{'device_id': 'device_2', 'timestamp': '2020-05-04 13:35:36.244009', 'flow': 82, 'temperature': 31, 'humidity': 87, 'sound': 119}
{'device_id': 'device_2', 'timestamp': '2020-05-04 13:35:46.290593', 'flow': 85, 'temperature': 23, 'humidity': 63, 'sound': 130}
{'device_id': 'device_2', 'timestamp': '2020-05-04 13:35:56.339171', 'flow': 94, 'temperature': 25, 'humidity': 90, 'sound': 115}
{'device_id': 'device_2', 'timestamp': '2020-05-04 13:36:06.386711', 'flow': 96, 'temperature': 22, 'humidity': 76, 'sound': 112}
{'device_id': 'device_2', 'timestamp': '2020-05-04 13:36:16.433692', 'flow': 97, 'temperature': 29, 'humidity': 68, 'sound': 110}
{'device_id': 'device_2', 'timestamp': '2020-05-04 13:36:26.506262', 'flow': 70, 'temperature': 31, 'humidity': 72, 'sound': 100}
{'device_id': 'device_2', 'timestamp': '2020-05-04 13:36:36.553749', 'flow': 82, 'temperature': 22, 'humidity': 61, 'sound': 124}
{'device_id': 'device_2', 'timestamp': '2020-05-04 13:36:46.601231', 'flow': 96, 'temperature': 23, 'humidity': 78, 'sound': 116}
{'device_id': 'device_2', 'timestamp': '2020-05-04 13:36:56.647289', 'flow': 68, 'temperature': 28, 'humidity': 73, 'sound': 121}
{'device_id': 'device_2', 'timestamp': '2020-05-04 13:37:06.690719', 'flow': 70, 'temperature': 21, 'humidity': 78, 'sound': 119}
{'device_id': 'device_2', 'timestamp': '2020-05-04 13:37:16.763527', 'flow': 65, 'temperature': 28, 'humidity': 81, 'sound': 120}
{'device_id': 'device_2', 'timestamp': '2020-05-04 13:37:26.810412', 'flow': 65, 'temperature': 29, 'humidity': 82, 'sound': 113}
{'device_id': 'device_2', 'timestamp': '2020-05-04 13:37:36.861723', 'flow': 87, 'temperature': 22, 'humidity': 67, 'sound': 107}
{'device_id': 'device_2', 'timestamp': '2020-05-04 13:37:46.916583', 'flow': 89, 'temperature': 18, 'humidity': 72, 'sound': 102}
{'device_id': 'device_2', 'timestamp': '2020-05-04 13:37:56.985658', 'flow': 76, 'temperature': 34, 'humidity': 73, 'sound': 112}
{'device_id': 'device_2', 'timestamp': '2020-05-04 13:38:07.046884', 'flow': 93, 'temperature': 31, 'humidity': 87, 'sound': 126}
{'device_id': 'device_2', 'timestamp': '2020-05-04 13:38:17.104731', 'flow': 97, 'temperature': 19, 'humidity': 53, 'sound': 115}
{'device_id': 'device_2', 'timestamp': '2020-05-04 13:38:27.153511', 'flow': 99, 'temperature': 19, 'humidity': 76, 'sound': 107}
{'device_id': 'device_2', 'timestamp': '2020-05-04 13:38:37.198014', 'flow': 71, 'temperature': 21, 'humidity': 54, 'sound': 126}
{'device_id': 'device_2', 'timestamp': '2020-05-04 13:38:47.298777', 'flow': 72, 'temperature': 30, 'humidity': 78, 'sound': 137}
{'device_id': 'device_2', 'timestamp': '2020-05-04 13:38:57.355900', 'flow': 83, 'temperature': 29, 'humidity': 62, 'sound': 111}
{'device_id': 'device_2', 'timestamp': '2020-05-04 13:39:07.407142', 'flow': 66, 'temperature': 19, 'humidity': 78, 'sound': 129}
{'device_id': 'device_2', 'timestamp': '2020-05-04 13:39:17.525888', 'flow': 68, 'temperature': 34, 'humidity': 81, 'sound': 134}
{'device_id': 'device_2', 'timestamp': '2020-05-04 13:39:27.575026', 'flow': 71, 'temperature': 35, 'humidity': 86, 'sound': 133}
{'device_id': 'device_2', 'timestamp': '2020-05-04 13:39:37.631013', 'flow': 88, 'temperature': 21, 'humidity': 90, 'sound': 109}
{'device_id': 'device_2', 'timestamp': '2020-05-04 13:39:47.677735', 'flow': 82, 'temperature': 24, 'humidity': 71, 'sound': 102}
{'device_id': 'device_2', 'timestamp': '2020-05-04 13:39:57.723856', 'flow': 76, 'temperature': 28, 'humidity': 87, 'sound': 118}
{'device_id': 'device_2', 'timestamp': '2020-05-04 13:40:07.769727', 'flow': 67, 'temperature': 23, 'humidity': 51, 'sound': 109}
{'device_id': 'device_2', 'timestamp': '2020-05-04 13:40:17.817750', 'flow': 80, 'temperature': 34, 'humidity': 89, 'sound': 137}
{'device_id': 'device_2', 'timestamp': '2020-05-04 13:40:27.866523', 'flow': 63, 'temperature': 17, 'humidity': 58, 'sound': 107}
{'device_id': 'device_2', 'timestamp': '2020-05-04 13:40:37.967834', 'flow': 65, 'temperature': 17, 'humidity': 57, 'sound': 133}
{'device_id': 'device_2', 'timestamp': '2020-05-04 13:40:48.025889', 'flow': 97, 'temperature': 18, 'humidity': 78, 'sound': 107}
{'device_id': 'device_2', 'timestamp': '2020-05-04 13:40:58.076140', 'flow': 60, 'temperature': 15, 'humidity': 75, 'sound': 122}
{'device_id': 'device_2', 'timestamp': '2020-05-04 13:41:08.126781', 'flow': 61, 'temperature': 18, 'humidity': 51, 'sound': 130}
{'device_id': 'device_2', 'timestamp': '2020-05-04 13:41:18.174377', 'flow': 98, 'temperature': 19, 'humidity': 85, 'sound': 111}
{'device_id': 'device_2', 'timestamp': '2020-05-04 13:41:28.244625', 'flow': 99, 'temperature': 31, 'humidity': 50, 'sound': 137}
{'device_id': 'device_2', 'timestamp': '2020-05-04 13:41:38.299098', 'flow': 86, 'temperature': 24, 'humidity': 59, 'sound': 103}
{'device_id': 'device_2', 'timestamp': '2020-05-04 13:41:48.346182', 'flow': 66, 'temperature': 35, 'humidity': 67, 'sound': 103}
{'device_id': 'device_2', 'timestamp': '2020-05-04 13:41:58.394681', 'flow': 100, 'temperature': 35, 'humidity': 77, 'sound': 124}
{'device_id': 'device_2', 'timestamp': '2020-05-04 13:42:08.448903', 'flow': 90, 'temperature': 25, 'humidity': 88, 'sound': 101}
{'device_id': 'device_2', 'timestamp': '2020-05-04 13:42:18.494009', 'flow': 78, 'temperature': 29, 'humidity': 81, 'sound': 101}
{'device_id': 'device_2', 'timestamp': '2020-05-04 13:42:28.543569', 'flow': 74, 'temperature': 29, 'humidity': 83, 'sound': 128}
{'device_id': 'device_2', 'timestamp': '2020-05-04 13:42:38.593322', 'flow': 99, 'temperature': 21, 'humidity': 83, 'sound': 100}
{'device_id': 'device_2', 'timestamp': '2020-05-04 13:42:48.642118', 'flow': 70, 'temperature': 33, 'humidity': 71, 'sound': 116}
{'device_id': 'device_2', 'timestamp': '2020-05-04 13:42:58.709774', 'flow': 98, 'temperature': 33, 'humidity': 59, 'sound': 102}
{'device_id': 'device_2', 'timestamp': '2020-05-04 13:43:08.760327', 'flow': 82, 'temperature': 16, 'humidity': 64, 'sound': 116}
{'device_id': 'device_2', 'timestamp': '2020-05-04 13:43:18.809556', 'flow': 76, 'temperature': 17, 'humidity': 70, 'sound': 128}
{'device_id': 'device_2', 'timestamp': '2020-05-04 13:43:28.856913', 'flow': 64, 'temperature': 23, 'humidity': 66, 'sound': 117}
{'device_id': 'device_2', 'timestamp': '2020-05-04 13:43:38.905404', 'flow': 70, 'temperature': 25, 'humidity': 65, 'sound': 125}
{'device_id': 'device_2', 'timestamp': '2020-05-04 13:43:48.951374', 'flow': 100, 'temperature': 23, 'humidity': 68, 'sound': 110}
{'device_id': 'device_2', 'timestamp': '2020-05-04 13:43:58.997872', 'flow': 87, 'temperature': 33, 'humidity': 59, 'sound': 107}
{'device_id': 'device_2', 'timestamp': '2020-05-04 13:44:09.048091', 'flow': 100, 'temperature': 25, 'humidity': 52, 'sound': 118}
{'device_id': 'device_2', 'timestamp': '2020-05-04 13:44:19.114847', 'flow': 77, 'temperature': 34, 'humidity': 89, 'sound': 113}
{'device_id': 'device_2', 'timestamp': '2020-05-04 13:44:29.161372', 'flow': 74, 'temperature': 22, 'humidity': 52, 'sound': 120}
{'device_id': 'device_2', 'timestamp': '2020-05-04 13:44:39.210885', 'flow': 99, 'temperature': 18, 'humidity': 73, 'sound': 126}
{'device_id': 'device_2', 'timestamp': '2020-05-04 13:44:49.259445', 'flow': 81, 'temperature': 31, 'humidity': 82, 'sound': 135}
{'device_id': 'device_2', 'timestamp': '2020-05-04 13:44:59.307567', 'flow': 97, 'temperature': 19, 'humidity': 70, 'sound': 138}
{'device_id': 'device_2', 'timestamp': '2020-05-04 13:45:09.355538', 'flow': 86, 'temperature': 21, 'humidity': 60, 'sound': 113}
{'device_id': 'device_2', 'timestamp': '2020-05-04 13:45:19.402061', 'flow': 66, 'temperature': 15, 'humidity': 62, 'sound': 101}
{'device_id': 'device_2', 'timestamp': '2020-05-04 13:45:29.450098', 'flow': 93, 'temperature': 22, 'humidity': 84, 'sound': 128}
{'device_id': 'device_2', 'timestamp': '2020-05-04 13:45:39.497696', 'flow': 89, 'temperature': 33, 'humidity': 70, 'sound': 107}
{'device_id': 'device_2', 'timestamp': '2020-05-04 13:45:49.562180', 'flow': 72, 'temperature': 22, 'humidity': 86, 'sound': 125}
{'device_id': 'device_2', 'timestamp': '2020-05-04 13:45:59.612212', 'flow': 92, 'temperature': 33, 'humidity': 79, 'sound': 135}
{'device_id': 'device_2', 'timestamp': '2020-05-04 13:46:09.679468', 'flow': 86, 'temperature': 34, 'humidity': 68, 'sound': 118}
{'device_id': 'device_2', 'timestamp': '2020-05-04 13:46:19.730802', 'flow': 91, 'temperature': 34, 'humidity': 78, 'sound': 118}
{'device_id': 'device_2', 'timestamp': '2020-05-04 13:46:29.795830', 'flow': 100, 'temperature': 20, 'humidity': 66, 'sound': 107}
{'device_id': 'device_2', 'timestamp': '2020-05-04 13:46:39.839133', 'flow': 62, 'temperature': 15, 'humidity': 81, 'sound': 125}
{'device_id': 'device_2', 'timestamp': '2020-05-04 13:46:49.878819', 'flow': 98, 'temperature': 21, 'humidity': 70, 'sound': 139}
{'device_id': 'device_2', 'timestamp': '2020-05-04 13:46:59.917045', 'flow': 90, 'temperature': 23, 'humidity': 56, 'sound': 110}
{'device_id': 'device_2', 'timestamp': '2020-05-04 13:47:09.958708', 'flow': 62, 'temperature': 19, 'humidity': 65, 'sound': 127}
{'device_id': 'device_2', 'timestamp': '2020-05-04 13:47:20.000200', 'flow': 63, 'temperature': 20, 'humidity': 51, 'sound': 140}
{'device_id': 'device_2', 'timestamp': '2020-05-04 13:47:30.046584', 'flow': 99, 'temperature': 27, 'humidity': 55, 'sound': 129}
{'device_id': 'device_2', 'timestamp': '2020-05-04 13:47:40.086613', 'flow': 81, 'temperature': 30, 'humidity': 57, 'sound': 105}
{'device_id': 'device_2', 'timestamp': '2020-05-04 13:47:50.131674', 'flow': 86, 'temperature': 27, 'humidity': 76, 'sound': 117}
{'device_id': 'device_2', 'timestamp': '2020-05-04 13:48:00.178125', 'flow': 76, 'temperature': 27, 'humidity': 73, 'sound': 123}
{'device_id': 'device_2', 'timestamp': '2020-05-04 13:48:10.231285', 'flow': 67, 'temperature': 15, 'humidity': 61, 'sound': 102}
{'device_id': 'device_2', 'timestamp': '2020-05-04 13:48:20.274523', 'flow': 60, 'temperature': 35, 'humidity': 90, 'sound': 105}
{'device_id': 'device_2', 'timestamp': '2020-05-04 13:48:30.341627', 'flow': 99, 'temperature': 25, 'humidity': 69, 'sound': 126}
{'device_id': 'device_2', 'timestamp': '2020-05-04 13:48:40.384750', 'flow': 89, 'temperature': 26, 'humidity': 70, 'sound': 124}
{'device_id': 'device_2', 'timestamp': '2020-05-04 13:48:50.424900', 'flow': 82, 'temperature': 27, 'humidity': 85, 'sound': 131}
{'device_id': 'device_2', 'timestamp': '2020-05-04 13:49:00.480486', 'flow': 77, 'temperature': 23, 'humidity': 71, 'sound': 114}
{'device_id': 'device_2', 'timestamp': '2020-05-04 13:49:10.530819', 'flow': 96, 'temperature': 18, 'humidity': 58, 'sound': 112}
{'device_id': 'device_2', 'timestamp': '2020-05-04 13:49:20.571600', 'flow': 79, 'temperature': 20, 'humidity': 51, 'sound': 125}
{'device_id': 'device_2', 'timestamp': '2020-05-04 13:49:30.612320', 'flow': 73, 'temperature': 32, 'humidity': 73, 'sound': 132}
{'device_id': 'device_2', 'timestamp': '2020-05-04 13:49:40.656430', 'flow': 76, 'temperature': 28, 'humidity': 75, 'sound': 107}
{'device_id': 'device_2', 'timestamp': '2020-05-04 13:49:50.705825', 'flow': 77, 'temperature': 19, 'humidity': 80, 'sound': 124}
{'device_id': 'device_2', 'timestamp': '2020-05-04 13:50:00.746239', 'flow': 85, 'temperature': 19, 'humidity': 51, 'sound': 129}
{'device_id': 'device_2', 'timestamp': '2020-05-04 13:50:10.789779', 'flow': 83, 'temperature': 24, 'humidity': 51, 'sound': 118}
{'device_id': 'device_2', 'timestamp': '2020-05-04 13:50:20.827589', 'flow': 95, 'temperature': 34, 'humidity': 53, 'sound': 130}
{'device_id': 'device_2', 'timestamp': '2020-05-04 13:50:30.871661', 'flow': 75, 'temperature': 33, 'humidity': 81, 'sound': 112}
{'device_id': 'device_2', 'timestamp': '2020-05-04 13:50:40.917912', 'flow': 94, 'temperature': 23, 'humidity': 89, 'sound': 107}
{'device_id': 'device_2', 'timestamp': '2020-05-04 13:50:50.960139', 'flow': 62, 'temperature': 31, 'humidity': 78, 'sound': 100}
{'device_id': 'device_2', 'timestamp': '2020-05-04 13:51:01.000680', 'flow': 84, 'temperature': 32, 'humidity': 51, 'sound': 104}
{'device_id': 'device_2', 'timestamp': '2020-05-04 13:51:11.040760', 'flow': 94, 'temperature': 25, 'humidity': 75, 'sound': 100}
{'device_id': 'device_2', 'timestamp': '2020-05-04 13:51:21.079834', 'flow': 69, 'temperature': 31, 'humidity': 90, 'sound': 135}
{'device_id': 'device_2', 'timestamp': '2020-05-04 13:51:31.142946', 'flow': 85, 'temperature': 22, 'humidity': 50, 'sound': 140}
{'device_id': 'device_2', 'timestamp': '2020-05-04 13:51:41.184314', 'flow': 60, 'temperature': 18, 'humidity': 72, 'sound': 139}
{'device_id': 'device_2', 'timestamp': '2020-05-04 13:51:51.227689', 'flow': 80, 'temperature': 25, 'humidity': 89, 'sound': 134}
{'device_id': 'device_2', 'timestamp': '2020-05-04 13:52:01.266541', 'flow': 69, 'temperature': 28, 'humidity': 70, 'sound': 108}
{'device_id': 'device_2', 'timestamp': '2020-05-04 13:52:11.311491', 'flow': 74, 'temperature': 18, 'humidity': 77, 'sound': 136}
{'device_id': 'device_2', 'timestamp': '2020-05-04 13:52:21.352852', 'flow': 96, 'temperature': 19, 'humidity': 72, 'sound': 122}
{'device_id': 'device_2', 'timestamp': '2020-05-04 13:52:31.393453', 'flow': 70, 'temperature': 21, 'humidity': 53, 'sound': 124}
{'device_id': 'device_2', 'timestamp': '2020-05-04 13:52:41.433643', 'flow': 60, 'temperature': 16, 'humidity': 75, 'sound': 106}
{'device_id': 'device_2', 'timestamp': '2020-05-04 13:52:51.473959', 'flow': 66, 'temperature': 23, 'humidity': 65, 'sound': 118}
{'device_id': 'device_2', 'timestamp': '2020-05-04 13:53:01.515499', 'flow': 97, 'temperature': 34, 'humidity': 76, 'sound': 109}
{'device_id': 'device_2', 'timestamp': '2020-05-04 13:53:11.553901', 'flow': 85, 'temperature': 23, 'humidity': 79, 'sound': 134}
{'device_id': 'device_2', 'timestamp': '2020-05-04 13:53:21.596944', 'flow': 82, 'temperature': 15, 'humidity': 66, 'sound': 140}
{'device_id': 'device_2', 'timestamp': '2020-05-04 13:53:31.636803', 'flow': 74, 'temperature': 33, 'humidity': 52, 'sound': 113}
{'device_id': 'device_2', 'timestamp': '2020-05-04 13:53:41.678746', 'flow': 100, 'temperature': 26, 'humidity': 81, 'sound': 120}
{'device_id': 'device_2', 'timestamp': '2020-05-04 13:53:51.719562', 'flow': 68, 'temperature': 15, 'humidity': 61, 'sound': 140}
{'device_id': 'device_2', 'timestamp': '2020-05-04 13:54:01.763681', 'flow': 76, 'temperature': 16, 'humidity': 70, 'sound': 123}
{'device_id': 'device_2', 'timestamp': '2020-05-04 13:54:11.836870', 'flow': 87, 'temperature': 27, 'humidity': 84, 'sound': 102}
{'device_id': 'device_2', 'timestamp': '2020-05-04 13:54:21.880691', 'flow': 96, 'temperature': 15, 'humidity': 71, 'sound': 104}
{'device_id': 'device_2', 'timestamp': '2020-05-04 13:54:31.918730', 'flow': 61, 'temperature': 17, 'humidity': 79, 'sound': 136}
{'device_id': 'device_2', 'timestamp': '2020-05-04 13:54:41.955283', 'flow': 86, 'temperature': 16, 'humidity': 65, 'sound': 134}
{'device_id': 'device_2', 'timestamp': '2020-05-04 13:54:52.002154', 'flow': 60, 'temperature': 16, 'humidity': 64, 'sound': 122}
{'device_id': 'device_2', 'timestamp': '2020-05-04 13:55:02.049596', 'flow': 79, 'temperature': 22, 'humidity': 85, 'sound': 105}
{'device_id': 'device_2', 'timestamp': '2020-05-04 13:55:12.093478', 'flow': 89, 'temperature': 22, 'humidity': 58, 'sound': 138}
{'device_id': 'device_2', 'timestamp': '2020-05-04 13:55:22.134383', 'flow': 98, 'temperature': 31, 'humidity': 79, 'sound': 102}
{'device_id': 'device_2', 'timestamp': '2020-05-04 13:55:32.174677', 'flow': 91, 'temperature': 21, 'humidity': 83, 'sound': 138}
{'device_id': 'device_2', 'timestamp': '2020-05-04 13:55:42.215023', 'flow': 60, 'temperature': 30, 'humidity': 60, 'sound': 115}
{'device_id': 'device_2', 'timestamp': '2020-05-04 13:55:52.309870', 'flow': 91, 'temperature': 30, 'humidity': 75, 'sound': 124}
{'device_id': 'device_2', 'timestamp': '2020-05-04 13:56:02.350187', 'flow': 69, 'temperature': 34, 'humidity': 74, 'sound': 103}
{'device_id': 'device_2', 'timestamp': '2020-05-04 13:56:12.388964', 'flow': 92, 'temperature': 19, 'humidity': 72, 'sound': 135}
{'device_id': 'device_2', 'timestamp': '2020-05-04 13:56:22.429177', 'flow': 75, 'temperature': 16, 'humidity': 55, 'sound': 125}
{'device_id': 'device_2', 'timestamp': '2020-05-04 13:56:32.517972', 'flow': 96, 'temperature': 29, 'humidity': 51, 'sound': 132}
{'device_id': 'device_2', 'timestamp': '2020-05-04 13:56:42.574855', 'flow': 97, 'temperature': 16, 'humidity': 82, 'sound': 129}
{'device_id': 'device_2', 'timestamp': '2020-05-04 13:56:52.613515', 'flow': 93, 'temperature': 33, 'humidity': 84, 'sound': 140}
{'device_id': 'device_2', 'timestamp': '2020-05-04 13:57:02.656686', 'flow': 96, 'temperature': 20, 'humidity': 59, 'sound': 131}
{'device_id': 'device_2', 'timestamp': '2020-05-04 13:57:12.703831', 'flow': 63, 'temperature': 20, 'humidity': 57, 'sound': 108}
{'device_id': 'device_2', 'timestamp': '2020-05-04 13:57:22.748454', 'flow': 86, 'temperature': 16, 'humidity': 86, 'sound': 129}
{'device_id': 'device_2', 'timestamp': '2020-05-04 13:57:32.794708', 'flow': 64, 'temperature': 17, 'humidity': 68, 'sound': 104}
{'device_id': 'device_2', 'timestamp': '2020-05-04 13:57:42.837458', 'flow': 74, 'temperature': 22, 'humidity': 78, 'sound': 139}
{'device_id': 'device_2', 'timestamp': '2020-05-04 13:57:52.878322', 'flow': 87, 'temperature': 21, 'humidity': 81, 'sound': 137}
{'device_id': 'device_2', 'timestamp': '2020-05-04 13:58:02.919071', 'flow': 89, 'temperature': 31, 'humidity': 57, 'sound': 111}
{'device_id': 'device_2', 'timestamp': '2020-05-04 13:58:13.084927', 'flow': 81, 'temperature': 34, 'humidity': 57, 'sound': 120}
{'device_id': 'device_2', 'timestamp': '2020-05-04 13:58:23.122832', 'flow': 92, 'temperature': 19, 'humidity': 76, 'sound': 118}
{'device_id': 'device_2', 'timestamp': '2020-05-04 13:58:33.161095', 'flow': 63, 'temperature': 31, 'humidity': 55, 'sound': 109}
{'device_id': 'device_2', 'timestamp': '2020-05-04 13:58:43.202801', 'flow': 93, 'temperature': 26, 'humidity': 59, 'sound': 137}
{'device_id': 'device_2', 'timestamp': '2020-05-04 13:58:53.246006', 'flow': 65, 'temperature': 31, 'humidity': 55, 'sound': 104}
{'device_id': 'device_2', 'timestamp': '2020-05-04 13:59:03.284906', 'flow': 69, 'temperature': 20, 'humidity': 57, 'sound': 116}
{'device_id': 'device_2', 'timestamp': '2020-05-04 13:59:13.326622', 'flow': 67, 'temperature': 32, 'humidity': 84, 'sound': 106}
{'device_id': 'device_2', 'timestamp': '2020-05-04 13:59:23.389080', 'flow': 82, 'temperature': 30, 'humidity': 61, 'sound': 119}
{'device_id': 'device_2', 'timestamp': '2020-05-04 13:59:33.433999', 'flow': 96, 'temperature': 27, 'humidity': 51, 'sound': 110}
{'device_id': 'device_2', 'timestamp': '2020-05-04 13:59:43.493194', 'flow': 81, 'temperature': 29, 'humidity': 68, 'sound': 128}
{'device_id': 'device_2', 'timestamp': '2020-05-04 13:59:53.538593', 'flow': 70, 'temperature': 31, 'humidity': 87, 'sound': 122}
{'device_id': 'device_2', 'timestamp': '2020-05-04 14:00:03.585167', 'flow': 86, 'temperature': 35, 'humidity': 87, 'sound': 103}
{'device_id': 'device_2', 'timestamp': '2020-05-04 14:00:13.634114', 'flow': 69, 'temperature': 21, 'humidity': 66, 'sound': 133}
{'device_id': 'device_2', 'timestamp': '2020-05-04 14:00:23.676309', 'flow': 75, 'temperature': 26, 'humidity': 69, 'sound': 135}
{'device_id': 'device_2', 'timestamp': '2020-05-04 14:00:33.738829', 'flow': 62, 'temperature': 27, 'humidity': 64, 'sound': 128}
{'device_id': 'device_2', 'timestamp': '2020-05-04 14:00:43.784193', 'flow': 63, 'temperature': 15, 'humidity': 65, 'sound': 116}
{'device_id': 'device_2', 'timestamp': '2020-05-04 14:00:53.826800', 'flow': 88, 'temperature': 34, 'humidity': 57, 'sound': 111}
{'device_id': 'device_2', 'timestamp': '2020-05-04 14:01:03.874731', 'flow': 97, 'temperature': 35, 'humidity': 74, 'sound': 127}
{'device_id': 'device_2', 'timestamp': '2020-05-04 14:01:13.924858', 'flow': 78, 'temperature': 28, 'humidity': 59, 'sound': 116}
{'device_id': 'device_2', 'timestamp': '2020-05-04 14:01:23.972923', 'flow': 65, 'temperature': 27, 'humidity': 85, 'sound': 101}
{'device_id': 'device_2', 'timestamp': '2020-05-04 14:01:34.042727', 'flow': 92, 'temperature': 19, 'humidity': 67, 'sound': 104}
{'device_id': 'device_2', 'timestamp': '2020-05-04 14:01:44.088508', 'flow': 82, 'temperature': 32, 'humidity': 60, 'sound': 104}
{'device_id': 'device_2', 'timestamp': '2020-05-04 14:01:54.134366', 'flow': 68, 'temperature': 24, 'humidity': 90, 'sound': 102}
{'device_id': 'device_2', 'timestamp': '2020-05-04 14:02:04.180551', 'flow': 69, 'temperature': 16, 'humidity': 89, 'sound': 111}
{'device_id': 'device_2', 'timestamp': '2020-05-04 14:02:14.229410', 'flow': 94, 'temperature': 17, 'humidity': 72, 'sound': 132}
{'device_id': 'device_2', 'timestamp': '2020-05-04 14:02:24.291418', 'flow': 97, 'temperature': 29, 'humidity': 66, 'sound': 102}
{'device_id': 'device_2', 'timestamp': '2020-05-04 14:02:34.342473', 'flow': 76, 'temperature': 23, 'humidity': 71, 'sound': 128}
{'device_id': 'device_2', 'timestamp': '2020-05-04 14:02:44.389314', 'flow': 65, 'temperature': 16, 'humidity': 84, 'sound': 106}
{'device_id': 'device_2', 'timestamp': '2020-05-04 14:02:54.441864', 'flow': 82, 'temperature': 27, 'humidity': 57, 'sound': 117}
{'device_id': 'device_2', 'timestamp': '2020-05-04 14:03:04.492677', 'flow': 91, 'temperature': 27, 'humidity': 68, 'sound': 102}
{'device_id': 'device_2', 'timestamp': '2020-05-04 14:03:14.536229', 'flow': 81, 'temperature': 24, 'humidity': 87, 'sound': 125}
{'device_id': 'device_2', 'timestamp': '2020-05-04 14:03:24.584177', 'flow': 60, 'temperature': 34, 'humidity': 57, 'sound': 102}
{'device_id': 'device_2', 'timestamp': '2020-05-04 14:03:34.631243', 'flow': 79, 'temperature': 24, 'humidity': 82, 'sound': 128}
{'device_id': 'device_2', 'timestamp': '2020-05-04 14:03:44.689647', 'flow': 95, 'temperature': 16, 'humidity': 87, 'sound': 110}
{'device_id': 'device_2', 'timestamp': '2020-05-04 14:03:54.734143', 'flow': 72, 'temperature': 29, 'humidity': 60, 'sound': 129}
{'device_id': 'device_2', 'timestamp': '2020-05-04 14:04:04.779845', 'flow': 81, 'temperature': 18, 'humidity': 53, 'sound': 118}
{'device_id': 'device_2', 'timestamp': '2020-05-04 14:04:14.826538', 'flow': 89, 'temperature': 29, 'humidity': 77, 'sound': 126}
{'device_id': 'device_2', 'timestamp': '2020-05-04 14:04:24.891638', 'flow': 83, 'temperature': 26, 'humidity': 80, 'sound': 115}
{'device_id': 'device_2', 'timestamp': '2020-05-04 14:04:34.946591', 'flow': 90, 'temperature': 24, 'humidity': 67, 'sound': 137}
{'device_id': 'device_2', 'timestamp': '2020-05-04 14:04:44.995645', 'flow': 89, 'temperature': 33, 'humidity': 75, 'sound': 121}
{'device_id': 'device_2', 'timestamp': '2020-05-04 14:04:55.113235', 'flow': 86, 'temperature': 31, 'humidity': 60, 'sound': 112}
{'device_id': 'device_2', 'timestamp': '2020-05-04 14:05:05.162519', 'flow': 69, 'temperature': 26, 'humidity': 65, 'sound': 120}
{'device_id': 'device_2', 'timestamp': '2020-05-04 14:05:15.209062', 'flow': 73, 'temperature': 21, 'humidity': 66, 'sound': 101}
{'device_id': 'device_2', 'timestamp': '2020-05-04 14:05:25.257917', 'flow': 90, 'temperature': 29, 'humidity': 70, 'sound': 110}
{'device_id': 'device_2', 'timestamp': '2020-05-04 14:05:35.310565', 'flow': 71, 'temperature': 25, 'humidity': 81, 'sound': 117}
{'device_id': 'device_2', 'timestamp': '2020-05-04 14:05:45.355872', 'flow': 82, 'temperature': 16, 'humidity': 75, 'sound': 114}