cb32f766-e0e0-47f8-b9b2-be3a8f4d7e4b ai5flye6t910z-ats.iot.eu-west-1.amazonaws.com {'ca': 'AmazonRootCA1.pem', 'private': 'private.key', 'certificate': 'certificate.pem'} device_1 data
Trying to setup Device
Setup Done
Trying to connect
Connected
{'device_id': 'device_1', 'timestamp': '2020-05-04 12:40:53.899105', 'flow': 95, 'temperature': 23, 'humidity': 68, 'sound': 133}
{'device_id': 'device_1', 'timestamp': '2020-05-04 12:41:03.939750', 'flow': 62, 'temperature': 32, 'humidity': 62, 'sound': 140}
{'device_id': 'device_1', 'timestamp': '2020-05-04 12:41:13.984183', 'flow': 90, 'temperature': 18, 'humidity': 70, 'sound': 119}
{'device_id': 'device_1', 'timestamp': '2020-05-04 12:41:24.032118', 'flow': 99, 'temperature': 35, 'humidity': 78, 'sound': 137}
{'device_id': 'device_1', 'timestamp': '2020-05-04 12:41:34.078771', 'flow': 69, 'temperature': 21, 'humidity': 87, 'sound': 136}
{'device_id': 'device_1', 'timestamp': '2020-05-04 12:41:44.121656', 'flow': 61, 'temperature': 16, 'humidity': 51, 'sound': 114}
{'device_id': 'device_1', 'timestamp': '2020-05-04 12:41:54.161768', 'flow': 95, 'temperature': 34, 'humidity': 59, 'sound': 101}
{'device_id': 'device_1', 'timestamp': '2020-05-04 12:42:04.220422', 'flow': 89, 'temperature': 34, 'humidity': 58, 'sound': 109}
{'device_id': 'device_1', 'timestamp': '2020-05-04 12:42:14.260438', 'flow': 85, 'temperature': 29, 'humidity': 52, 'sound': 115}
{'device_id': 'device_1', 'timestamp': '2020-05-04 12:42:24.321644', 'flow': 63, 'temperature': 35, 'humidity': 77, 'sound': 124}
{'device_id': 'device_1', 'timestamp': '2020-05-04 12:42:34.374507', 'flow': 77, 'temperature': 19, 'humidity': 72, 'sound': 106}
{'device_id': 'device_1', 'timestamp': '2020-05-04 12:42:44.415205', 'flow': 82, 'temperature': 25, 'humidity': 80, 'sound': 136}
{'device_id': 'device_1', 'timestamp': '2020-05-04 12:42:54.456520', 'flow': 94, 'temperature': 27, 'humidity': 55, 'sound': 104}
{'device_id': 'device_1', 'timestamp': '2020-05-04 12:43:04.499225', 'flow': 99, 'temperature': 31, 'humidity': 75, 'sound': 132}
{'device_id': 'device_1', 'timestamp': '2020-05-04 12:43:14.540023', 'flow': 68, 'temperature': 33, 'humidity': 63, 'sound': 122}
{'device_id': 'device_1', 'timestamp': '2020-05-04 12:43:24.584647', 'flow': 100, 'temperature': 15, 'humidity': 78, 'sound': 132}
{'device_id': 'device_1', 'timestamp': '2020-05-04 12:43:34.633502', 'flow': 86, 'temperature': 30, 'humidity': 70, 'sound': 100}
{'device_id': 'device_1', 'timestamp': '2020-05-04 12:43:44.738296', 'flow': 66, 'temperature': 20, 'humidity': 64, 'sound': 118}
{'device_id': 'device_1', 'timestamp': '2020-05-04 12:43:54.775138', 'flow': 61, 'temperature': 33, 'humidity': 70, 'sound': 131}
{'device_id': 'device_1', 'timestamp': '2020-05-04 12:44:04.818779', 'flow': 95, 'temperature': 15, 'humidity': 86, 'sound': 125}
{'device_id': 'device_1', 'timestamp': '2020-05-04 12:44:14.884123', 'flow': 78, 'temperature': 32, 'humidity': 58, 'sound': 115}
{'device_id': 'device_1', 'timestamp': '2020-05-04 12:44:24.952129', 'flow': 80, 'temperature': 21, 'humidity': 86, 'sound': 127}
{'device_id': 'device_1', 'timestamp': '2020-05-04 12:44:35.004152', 'flow': 67, 'temperature': 23, 'humidity': 57, 'sound': 114}
{'device_id': 'device_1', 'timestamp': '2020-05-04 12:44:45.054277', 'flow': 90, 'temperature': 15, 'humidity': 60, 'sound': 115}
{'device_id': 'device_1', 'timestamp': '2020-05-04 12:44:55.148161', 'flow': 63, 'temperature': 20, 'humidity': 90, 'sound': 126}
{'device_id': 'device_1', 'timestamp': '2020-05-04 12:45:05.196592', 'flow': 81, 'temperature': 23, 'humidity': 68, 'sound': 112}
{'device_id': 'device_1', 'timestamp': '2020-05-04 12:45:15.239280', 'flow': 60, 'temperature': 25, 'humidity': 65, 'sound': 128}
{'device_id': 'device_1', 'timestamp': '2020-05-04 12:45:25.296702', 'flow': 94, 'temperature': 16, 'humidity': 63, 'sound': 132}
{'device_id': 'device_1', 'timestamp': '2020-05-04 12:45:35.351624', 'flow': 93, 'temperature': 28, 'humidity': 78, 'sound': 110}
{'device_id': 'device_1', 'timestamp': '2020-05-04 12:45:45.398385', 'flow': 80, 'temperature': 19, 'humidity': 57, 'sound': 109}
{'device_id': 'device_1', 'timestamp': '2020-05-04 12:45:55.452288', 'flow': 83, 'temperature': 33, 'humidity': 55, 'sound': 100}
{'device_id': 'device_1', 'timestamp': '2020-05-04 12:46:05.519318', 'flow': 64, 'temperature': 17, 'humidity': 52, 'sound': 109}
{'device_id': 'device_1', 'timestamp': '2020-05-04 12:46:15.601743', 'flow': 94, 'temperature': 32, 'humidity': 70, 'sound': 128}
{'device_id': 'device_1', 'timestamp': '2020-05-04 12:46:25.670244', 'flow': 98, 'temperature': 34, 'humidity': 88, 'sound': 110}
{'device_id': 'device_1', 'timestamp': '2020-05-04 12:46:35.716132', 'flow': 85, 'temperature': 16, 'humidity': 89, 'sound': 108}
{'device_id': 'device_1', 'timestamp': '2020-05-04 12:46:45.762391', 'flow': 82, 'temperature': 20, 'humidity': 65, 'sound': 113}
{'device_id': 'device_1', 'timestamp': '2020-05-04 12:46:55.815416', 'flow': 98, 'temperature': 20, 'humidity': 75, 'sound': 102}
{'device_id': 'device_1', 'timestamp': '2020-05-04 12:47:05.860265', 'flow': 64, 'temperature': 31, 'humidity': 72, 'sound': 102}
{'device_id': 'device_1', 'timestamp': '2020-05-04 12:47:15.914208', 'flow': 83, 'temperature': 24, 'humidity': 68, 'sound': 115}
{'device_id': 'device_1', 'timestamp': '2020-05-04 12:47:25.980367', 'flow': 90, 'temperature': 29, 'humidity': 54, 'sound': 110}
{'device_id': 'device_1', 'timestamp': '2020-05-04 12:47:36.025314', 'flow': 83, 'temperature': 30, 'humidity': 88, 'sound': 126}
{'device_id': 'device_1', 'timestamp': '2020-05-04 12:47:46.085542', 'flow': 76, 'temperature': 29, 'humidity': 67, 'sound': 121}
{'device_id': 'device_1', 'timestamp': '2020-05-04 12:47:56.141379', 'flow': 83, 'temperature': 30, 'humidity': 56, 'sound': 123}
{'device_id': 'device_1', 'timestamp': '2020-05-04 12:48:06.211797', 'flow': 96, 'temperature': 29, 'humidity': 51, 'sound': 134}
{'device_id': 'device_1', 'timestamp': '2020-05-04 12:48:16.263666', 'flow': 92, 'temperature': 22, 'humidity': 81, 'sound': 114}
{'device_id': 'device_1', 'timestamp': '2020-05-04 12:48:26.317626', 'flow': 87, 'temperature': 24, 'humidity': 57, 'sound': 102}
{'device_id': 'device_1', 'timestamp': '2020-05-04 12:48:36.403348', 'flow': 65, 'temperature': 26, 'humidity': 81, 'sound': 139}
{'device_id': 'device_1', 'timestamp': '2020-05-04 12:48:46.450857', 'flow': 67, 'temperature': 34, 'humidity': 54, 'sound': 107}
{'device_id': 'device_1', 'timestamp': '2020-05-04 12:48:56.499975', 'flow': 100, 'temperature': 33, 'humidity': 88, 'sound': 104}
{'device_id': 'device_1', 'timestamp': '2020-05-04 12:49:06.592207', 'flow': 69, 'temperature': 20, 'humidity': 56, 'sound': 102}
{'device_id': 'device_1', 'timestamp': '2020-05-04 12:49:16.667268', 'flow': 91, 'temperature': 28, 'humidity': 59, 'sound': 120}
{'device_id': 'device_1', 'timestamp': '2020-05-04 12:49:26.713735', 'flow': 85, 'temperature': 32, 'humidity': 53, 'sound': 121}
{'device_id': 'device_1', 'timestamp': '2020-05-04 12:49:36.762863', 'flow': 91, 'temperature': 35, 'humidity': 81, 'sound': 133}
{'device_id': 'device_1', 'timestamp': '2020-05-04 12:49:46.809698', 'flow': 76, 'temperature': 19, 'humidity': 79, 'sound': 112}
{'device_id': 'device_1', 'timestamp': '2020-05-04 12:49:56.857570', 'flow': 60, 'temperature': 20, 'humidity': 68, 'sound': 129}
{'device_id': 'device_1', 'timestamp': '2020-05-04 12:50:06.930767', 'flow': 85, 'temperature': 21, 'humidity': 65, 'sound': 114}
{'device_id': 'device_1', 'timestamp': '2020-05-04 12:50:16.978873', 'flow': 65, 'temperature': 25, 'humidity': 62, 'sound': 101}
{'device_id': 'device_1', 'timestamp': '2020-05-04 12:50:27.041125', 'flow': 83, 'temperature': 20, 'humidity': 87, 'sound': 125}
{'device_id': 'device_1', 'timestamp': '2020-05-04 12:50:37.219046', 'flow': 79, 'temperature': 20, 'humidity': 60, 'sound': 100}
{'device_id': 'device_1', 'timestamp': '2020-05-04 12:50:47.265813', 'flow': 99, 'temperature': 26, 'humidity': 78, 'sound': 126}
{'device_id': 'device_1', 'timestamp': '2020-05-04 12:50:57.309967', 'flow': 81, 'temperature': 31, 'humidity': 88, 'sound': 113}
{'device_id': 'device_1', 'timestamp': '2020-05-04 12:51:07.389174', 'flow': 91, 'temperature': 31, 'humidity': 77, 'sound': 108}
{'device_id': 'device_1', 'timestamp': '2020-05-04 12:51:17.437037', 'flow': 100, 'temperature': 15, 'humidity': 73, 'sound': 123}
{'device_id': 'device_1', 'timestamp': '2020-05-04 12:51:27.484082', 'flow': 80, 'temperature': 21, 'humidity': 78, 'sound': 133}
{'device_id': 'device_1', 'timestamp': '2020-05-04 12:51:37.531071', 'flow': 66, 'temperature': 28, 'humidity': 77, 'sound': 101}
{'device_id': 'device_1', 'timestamp': '2020-05-04 12:51:47.578169', 'flow': 94, 'temperature': 32, 'humidity': 83, 'sound': 132}
{'device_id': 'device_1', 'timestamp': '2020-05-04 12:51:57.630995', 'flow': 75, 'temperature': 29, 'humidity': 64, 'sound': 100}
{'device_id': 'device_1', 'timestamp': '2020-05-04 12:52:07.669359', 'flow': 98, 'temperature': 20, 'humidity': 66, 'sound': 132}
{'device_id': 'device_1', 'timestamp': '2020-05-04 12:52:17.707636', 'flow': 60, 'temperature': 26, 'humidity': 70, 'sound': 116}
{'device_id': 'device_1', 'timestamp': '2020-05-04 12:52:27.746367', 'flow': 82, 'temperature': 22, 'humidity': 56, 'sound': 120}
{'device_id': 'device_1', 'timestamp': '2020-05-04 12:52:37.783507', 'flow': 88, 'temperature': 16, 'humidity': 83, 'sound': 126}
{'device_id': 'device_1', 'timestamp': '2020-05-04 12:52:47.826159', 'flow': 62, 'temperature': 29, 'humidity': 78, 'sound': 102}
{'device_id': 'device_1', 'timestamp': '2020-05-04 12:52:57.928481', 'flow': 71, 'temperature': 21, 'humidity': 51, 'sound': 137}
{'device_id': 'device_1', 'timestamp': '2020-05-04 12:53:07.970795', 'flow': 61, 'temperature': 32, 'humidity': 72, 'sound': 129}
{'device_id': 'device_1', 'timestamp': '2020-05-04 12:53:18.055939', 'flow': 94, 'temperature': 30, 'humidity': 65, 'sound': 106}
{'device_id': 'device_1', 'timestamp': '2020-05-04 12:53:28.123504', 'flow': 64, 'temperature': 25, 'humidity': 82, 'sound': 125}
{'device_id': 'device_1', 'timestamp': '2020-05-04 12:53:38.168653', 'flow': 91, 'temperature': 34, 'humidity': 65, 'sound': 112}
{'device_id': 'device_1', 'timestamp': '2020-05-04 12:53:48.215882', 'flow': 91, 'temperature': 30, 'humidity': 64, 'sound': 114}
{'device_id': 'device_1', 'timestamp': '2020-05-04 12:53:58.261048', 'flow': 97, 'temperature': 16, 'humidity': 60, 'sound': 112}
{'device_id': 'device_1', 'timestamp': '2020-05-04 12:54:08.305798', 'flow': 88, 'temperature': 32, 'humidity': 69, 'sound': 134}
{'device_id': 'device_1', 'timestamp': '2020-05-04 12:54:18.347988', 'flow': 73, 'temperature': 21, 'humidity': 71, 'sound': 127}
{'device_id': 'device_1', 'timestamp': '2020-05-04 12:54:28.392773', 'flow': 88, 'temperature': 35, 'humidity': 59, 'sound': 114}
{'device_id': 'device_1', 'timestamp': '2020-05-04 12:54:38.447472', 'flow': 81, 'temperature': 26, 'humidity': 73, 'sound': 138}
{'device_id': 'device_1', 'timestamp': '2020-05-04 12:54:48.510477', 'flow': 97, 'temperature': 21, 'humidity': 81, 'sound': 127}
{'device_id': 'device_1', 'timestamp': '2020-05-04 12:54:58.612724', 'flow': 78, 'temperature': 31, 'humidity': 70, 'sound': 115}
{'device_id': 'device_1', 'timestamp': '2020-05-04 12:55:08.659912', 'flow': 71, 'temperature': 16, 'humidity': 66, 'sound': 103}
{'device_id': 'device_1', 'timestamp': '2020-05-04 12:55:18.734576', 'flow': 98, 'temperature': 21, 'humidity': 60, 'sound': 127}
{'device_id': 'device_1', 'timestamp': '2020-05-04 12:55:28.795149', 'flow': 81, 'temperature': 19, 'humidity': 52, 'sound': 105}
{'device_id': 'device_1', 'timestamp': '2020-05-04 12:55:38.846420', 'flow': 86, 'temperature': 26, 'humidity': 80, 'sound': 120}
{'device_id': 'device_1', 'timestamp': '2020-05-04 12:55:48.893860', 'flow': 100, 'temperature': 18, 'humidity': 71, 'sound': 122}
{'device_id': 'device_1', 'timestamp': '2020-05-04 12:55:58.958002', 'flow': 66, 'temperature': 30, 'humidity': 72, 'sound': 130}
{'device_id': 'device_1', 'timestamp': '2020-05-04 12:56:09.042170', 'flow': 69, 'temperature': 22, 'humidity': 86, 'sound': 102}
{'device_id': 'device_1', 'timestamp': '2020-05-04 12:56:19.145967', 'flow': 72, 'temperature': 34, 'humidity': 73, 'sound': 135}
{'device_id': 'device_1', 'timestamp': '2020-05-04 12:56:29.203536', 'flow': 100, 'temperature': 25, 'humidity': 83, 'sound': 109}
{'device_id': 'device_1', 'timestamp': '2020-05-04 12:56:39.269535', 'flow': 92, 'temperature': 24, 'humidity': 53, 'sound': 111}
{'device_id': 'device_1', 'timestamp': '2020-05-04 12:56:49.327218', 'flow': 92, 'temperature': 29, 'humidity': 88, 'sound': 109}
{'device_id': 'device_1', 'timestamp': '2020-05-04 12:56:59.374298', 'flow': 85, 'temperature': 27, 'humidity': 58, 'sound': 120}
{'device_id': 'device_1', 'timestamp': '2020-05-04 12:57:09.419267', 'flow': 85, 'temperature': 35, 'humidity': 59, 'sound': 138}
{'device_id': 'device_1', 'timestamp': '2020-05-04 12:57:19.465157', 'flow': 88, 'temperature': 15, 'humidity': 82, 'sound': 113}
{'device_id': 'device_1', 'timestamp': '2020-05-04 12:57:29.524593', 'flow': 85, 'temperature': 27, 'humidity': 79, 'sound': 139}
{'device_id': 'device_1', 'timestamp': '2020-05-04 12:57:39.573184', 'flow': 85, 'temperature': 28, 'humidity': 85, 'sound': 115}
{'device_id': 'device_1', 'timestamp': '2020-05-04 12:57:49.611397', 'flow': 96, 'temperature': 32, 'humidity': 86, 'sound': 140}
{'device_id': 'device_1', 'timestamp': '2020-05-04 12:57:59.651759', 'flow': 69, 'temperature': 22, 'humidity': 78, 'sound': 117}
{'device_id': 'device_1', 'timestamp': '2020-05-04 12:58:09.697898', 'flow': 73, 'temperature': 27, 'humidity': 58, 'sound': 130}
{'device_id': 'device_1', 'timestamp': '2020-05-04 12:58:19.743738', 'flow': 61, 'temperature': 17, 'humidity': 90, 'sound': 135}
{'device_id': 'device_1', 'timestamp': '2020-05-04 12:58:29.794778', 'flow': 98, 'temperature': 30, 'humidity': 70, 'sound': 104}
{'device_id': 'device_1', 'timestamp': '2020-05-04 12:58:39.838485', 'flow': 75, 'temperature': 25, 'humidity': 73, 'sound': 122}
{'device_id': 'device_1', 'timestamp': '2020-05-04 12:58:49.883178', 'flow': 89, 'temperature': 22, 'humidity': 61, 'sound': 114}
{'device_id': 'device_1', 'timestamp': '2020-05-04 12:58:59.942681', 'flow': 84, 'temperature': 28, 'humidity': 89, 'sound': 118}
{'device_id': 'device_1', 'timestamp': '2020-05-04 12:59:09.987032', 'flow': 74, 'temperature': 28, 'humidity': 54, 'sound': 116}
{'device_id': 'device_1', 'timestamp': '2020-05-04 12:59:20.032237', 'flow': 93, 'temperature': 32, 'humidity': 64, 'sound': 103}
{'device_id': 'device_1', 'timestamp': '2020-05-04 12:59:30.075943', 'flow': 86, 'temperature': 16, 'humidity': 53, 'sound': 119}
{'device_id': 'device_1', 'timestamp': '2020-05-04 12:59:40.134753', 'flow': 80, 'temperature': 21, 'humidity': 53, 'sound': 137}
{'device_id': 'device_1', 'timestamp': '2020-05-04 12:59:50.177787', 'flow': 85, 'temperature': 19, 'humidity': 89, 'sound': 134}
{'device_id': 'device_1', 'timestamp': '2020-05-04 13:00:00.221599', 'flow': 65, 'temperature': 22, 'humidity': 82, 'sound': 140}
{'device_id': 'device_1', 'timestamp': '2020-05-04 13:00:10.269866', 'flow': 92, 'temperature': 31, 'humidity': 56, 'sound': 124}
{'device_id': 'device_1', 'timestamp': '2020-05-04 13:00:20.354694', 'flow': 78, 'temperature': 33, 'humidity': 82, 'sound': 124}
{'device_id': 'device_1', 'timestamp': '2020-05-04 13:00:30.400407', 'flow': 84, 'temperature': 24, 'humidity': 78, 'sound': 109}
{'device_id': 'device_1', 'timestamp': '2020-05-04 13:00:40.443374', 'flow': 90, 'temperature': 26, 'humidity': 71, 'sound': 139}
{'device_id': 'device_1', 'timestamp': '2020-05-04 13:00:50.494152', 'flow': 69, 'temperature': 21, 'humidity': 53, 'sound': 133}
{'device_id': 'device_1', 'timestamp': '2020-05-04 13:01:00.551171', 'flow': 81, 'temperature': 21, 'humidity': 66, 'sound': 118}
{'device_id': 'device_1', 'timestamp': '2020-05-04 13:01:10.655670', 'flow': 100, 'temperature': 32, 'humidity': 67, 'sound': 130}
{'device_id': 'device_1', 'timestamp': '2020-05-04 13:01:20.707429', 'flow': 98, 'temperature': 30, 'humidity': 74, 'sound': 102}
{'device_id': 'device_1', 'timestamp': '2020-05-04 13:01:30.760931', 'flow': 93, 'temperature': 28, 'humidity': 71, 'sound': 132}
{'device_id': 'device_1', 'timestamp': '2020-05-04 13:01:40.811517', 'flow': 66, 'temperature': 33, 'humidity': 72, 'sound': 116}
{'device_id': 'device_1', 'timestamp': '2020-05-04 13:01:50.880072', 'flow': 70, 'temperature': 30, 'humidity': 87, 'sound': 124}
{'device_id': 'device_1', 'timestamp': '2020-05-04 13:02:00.931513', 'flow': 94, 'temperature': 15, 'humidity': 79, 'sound': 135}
{'device_id': 'device_1', 'timestamp': '2020-05-04 13:02:10.976602', 'flow': 93, 'temperature': 28, 'humidity': 79, 'sound': 123}
{'device_id': 'device_1', 'timestamp': '2020-05-04 13:02:21.024989', 'flow': 73, 'temperature': 22, 'humidity': 79, 'sound': 104}
{'device_id': 'device_1', 'timestamp': '2020-05-04 13:02:31.074516', 'flow': 90, 'temperature': 18, 'humidity': 68, 'sound': 110}
{'device_id': 'device_1', 'timestamp': '2020-05-04 13:02:41.119554', 'flow': 97, 'temperature': 35, 'humidity': 69, 'sound': 137}
{'device_id': 'device_1', 'timestamp': '2020-05-04 13:02:51.166882', 'flow': 66, 'temperature': 21, 'humidity': 61, 'sound': 104}
{'device_id': 'device_1', 'timestamp': '2020-05-04 13:03:01.212954', 'flow': 90, 'temperature': 21, 'humidity': 79, 'sound': 104}
{'device_id': 'device_1', 'timestamp': '2020-05-04 13:03:11.263703', 'flow': 62, 'temperature': 27, 'humidity': 76, 'sound': 108}
{'device_id': 'device_1', 'timestamp': '2020-05-04 13:03:21.307010', 'flow': 86, 'temperature': 19, 'humidity': 71, 'sound': 140}
{'device_id': 'device_1', 'timestamp': '2020-05-04 13:03:31.353288', 'flow': 88, 'temperature': 25, 'humidity': 62, 'sound': 131}
{'device_id': 'device_1', 'timestamp': '2020-05-04 13:03:41.408519', 'flow': 64, 'temperature': 28, 'humidity': 74, 'sound': 139}
{'device_id': 'device_1', 'timestamp': '2020-05-04 13:03:51.450478', 'flow': 94, 'temperature': 24, 'humidity': 90, 'sound': 130}
{'device_id': 'device_1', 'timestamp': '2020-05-04 13:04:01.494374', 'flow': 69, 'temperature': 20, 'humidity': 58, 'sound': 125}
{'device_id': 'device_1', 'timestamp': '2020-05-04 13:04:11.563198', 'flow': 65, 'temperature': 33, 'humidity': 60, 'sound': 120}
{'device_id': 'device_1', 'timestamp': '2020-05-04 13:04:21.611112', 'flow': 69, 'temperature': 32, 'humidity': 77, 'sound': 104}
{'device_id': 'device_1', 'timestamp': '2020-05-04 13:04:31.662775', 'flow': 75, 'temperature': 28, 'humidity': 50, 'sound': 135}
{'device_id': 'device_1', 'timestamp': '2020-05-04 13:04:41.708250', 'flow': 70, 'temperature': 25, 'humidity': 82, 'sound': 107}
{'device_id': 'device_1', 'timestamp': '2020-05-04 13:04:51.756988', 'flow': 98, 'temperature': 31, 'humidity': 71, 'sound': 116}
{'device_id': 'device_1', 'timestamp': '2020-05-04 13:05:01.823073', 'flow': 80, 'temperature': 22, 'humidity': 60, 'sound': 104}
{'device_id': 'device_1', 'timestamp': '2020-05-04 13:05:11.865965', 'flow': 98, 'temperature': 15, 'humidity': 52, 'sound': 137}
{'device_id': 'device_1', 'timestamp': '2020-05-04 13:05:21.910556', 'flow': 100, 'temperature': 27, 'humidity': 81, 'sound': 118}
{'device_id': 'device_1', 'timestamp': '2020-05-04 13:05:31.953713', 'flow': 84, 'temperature': 32, 'humidity': 53, 'sound': 136}
{'device_id': 'device_1', 'timestamp': '2020-05-04 13:05:42.000389', 'flow': 97, 'temperature': 30, 'humidity': 55, 'sound': 103}
{'device_id': 'device_1', 'timestamp': '2020-05-04 13:05:52.047337', 'flow': 92, 'temperature': 21, 'humidity': 84, 'sound': 130}
{'device_id': 'device_1', 'timestamp': '2020-05-04 13:06:02.098144', 'flow': 99, 'temperature': 28, 'humidity': 75, 'sound': 110}
{'device_id': 'device_1', 'timestamp': '2020-05-04 13:06:12.169047', 'flow': 65, 'temperature': 31, 'humidity': 76, 'sound': 103}
{'device_id': 'device_1', 'timestamp': '2020-05-04 13:06:22.213484', 'flow': 94, 'temperature': 35, 'humidity': 73, 'sound': 113}
{'device_id': 'device_1', 'timestamp': '2020-05-04 13:06:32.262788', 'flow': 62, 'temperature': 28, 'humidity': 87, 'sound': 108}
{'device_id': 'device_1', 'timestamp': '2020-05-04 13:06:42.311454', 'flow': 66, 'temperature': 18, 'humidity': 68, 'sound': 119}
{'device_id': 'device_1', 'timestamp': '2020-05-04 13:06:52.358038', 'flow': 77, 'temperature': 23, 'humidity': 58, 'sound': 115}
{'device_id': 'device_1', 'timestamp': '2020-05-04 13:07:02.407686', 'flow': 85, 'temperature': 20, 'humidity': 85, 'sound': 126}
{'device_id': 'device_1', 'timestamp': '2020-05-04 13:07:12.470525', 'flow': 72, 'temperature': 28, 'humidity': 87, 'sound': 139}
{'device_id': 'device_1', 'timestamp': '2020-05-04 13:07:22.518357', 'flow': 87, 'temperature': 26, 'humidity': 58, 'sound': 103}
{'device_id': 'device_1', 'timestamp': '2020-05-04 13:07:32.577473', 'flow': 83, 'temperature': 24, 'humidity': 70, 'sound': 118}
{'device_id': 'device_1', 'timestamp': '2020-05-04 13:07:42.653222', 'flow': 66, 'temperature': 35, 'humidity': 70, 'sound': 140}
{'device_id': 'device_1', 'timestamp': '2020-05-04 13:07:52.699087', 'flow': 97, 'temperature': 35, 'humidity': 62, 'sound': 102}
{'device_id': 'device_1', 'timestamp': '2020-05-04 13:08:02.756759', 'flow': 90, 'temperature': 21, 'humidity': 50, 'sound': 132}
{'device_id': 'device_1', 'timestamp': '2020-05-04 13:08:12.806342', 'flow': 89, 'temperature': 21, 'humidity': 57, 'sound': 129}
{'device_id': 'device_1', 'timestamp': '2020-05-04 13:08:22.860559', 'flow': 64, 'temperature': 15, 'humidity': 82, 'sound': 136}
{'device_id': 'device_1', 'timestamp': '2020-05-04 13:08:32.995197', 'flow': 77, 'temperature': 22, 'humidity': 84, 'sound': 111}
{'device_id': 'device_1', 'timestamp': '2020-05-04 13:08:43.066017', 'flow': 89, 'temperature': 21, 'humidity': 87, 'sound': 136}
{'device_id': 'device_1', 'timestamp': '2020-05-04 13:08:53.120314', 'flow': 66, 'temperature': 33, 'humidity': 62, 'sound': 114}
{'device_id': 'device_1', 'timestamp': '2020-05-04 13:09:03.167938', 'flow': 83, 'temperature': 31, 'humidity': 67, 'sound': 112}
{'device_id': 'device_1', 'timestamp': '2020-05-04 13:09:13.317199', 'flow': 62, 'temperature': 20, 'humidity': 51, 'sound': 121}
{'device_id': 'device_1', 'timestamp': '2020-05-04 13:09:23.370585', 'flow': 60, 'temperature': 23, 'humidity': 52, 'sound': 112}
{'device_id': 'device_1', 'timestamp': '2020-05-04 13:09:33.426815', 'flow': 98, 'temperature': 32, 'humidity': 61, 'sound': 121}
{'device_id': 'device_1', 'timestamp': '2020-05-04 13:09:43.478353', 'flow': 67, 'temperature': 15, 'humidity': 70, 'sound': 140}
{'device_id': 'device_1', 'timestamp': '2020-05-04 13:09:53.556757', 'flow': 70, 'temperature': 21, 'humidity': 69, 'sound': 139}
{'device_id': 'device_1', 'timestamp': '2020-05-04 13:10:03.616273', 'flow': 100, 'temperature': 20, 'humidity': 77, 'sound': 137}
{'device_id': 'device_1', 'timestamp': '2020-05-04 13:10:13.690762', 'flow': 83, 'temperature': 21, 'humidity': 70, 'sound': 119}
{'device_id': 'device_1', 'timestamp': '2020-05-04 13:10:23.775375', 'flow': 63, 'temperature': 27, 'humidity': 83, 'sound': 115}
{'device_id': 'device_1', 'timestamp': '2020-05-04 13:10:33.893708', 'flow': 70, 'temperature': 19, 'humidity': 78, 'sound': 129}
{'device_id': 'device_1', 'timestamp': '2020-05-04 13:10:43.941828', 'flow': 99, 'temperature': 20, 'humidity': 66, 'sound': 109}
{'device_id': 'device_1', 'timestamp': '2020-05-04 13:10:53.989574', 'flow': 89, 'temperature': 19, 'humidity': 79, 'sound': 128}
{'device_id': 'device_1', 'timestamp': '2020-05-04 13:11:04.037687', 'flow': 99, 'temperature': 34, 'humidity': 74, 'sound': 120}
{'device_id': 'device_1', 'timestamp': '2020-05-04 13:11:14.108763', 'flow': 67, 'temperature': 35, 'humidity': 72, 'sound': 130}
{'device_id': 'device_1', 'timestamp': '2020-05-04 13:11:24.172998', 'flow': 98, 'temperature': 30, 'humidity': 52, 'sound': 129}
{'device_id': 'device_1', 'timestamp': '2020-05-04 13:11:34.221680', 'flow': 68, 'temperature': 29, 'humidity': 67, 'sound': 129}
{'device_id': 'device_1', 'timestamp': '2020-05-04 13:11:44.268052', 'flow': 91, 'temperature': 25, 'humidity': 59, 'sound': 118}
{'device_id': 'device_1', 'timestamp': '2020-05-04 13:11:54.316131', 'flow': 99, 'temperature': 27, 'humidity': 79, 'sound': 135}
{'device_id': 'device_1', 'timestamp': '2020-05-04 13:12:04.363569', 'flow': 82, 'temperature': 20, 'humidity': 54, 'sound': 118}
{'device_id': 'device_1', 'timestamp': '2020-05-04 13:12:14.414898', 'flow': 94, 'temperature': 17, 'humidity': 69, 'sound': 109}
{'device_id': 'device_1', 'timestamp': '2020-05-04 13:12:24.458383', 'flow': 76, 'temperature': 21, 'humidity': 53, 'sound': 127}
{'device_id': 'device_1', 'timestamp': '2020-05-04 13:12:34.503849', 'flow': 64, 'temperature': 25, 'humidity': 51, 'sound': 107}
{'device_id': 'device_1', 'timestamp': '2020-05-04 13:12:44.554270', 'flow': 84, 'temperature': 23, 'humidity': 67, 'sound': 109}
{'device_id': 'device_1', 'timestamp': '2020-05-04 13:12:54.608448', 'flow': 65, 'temperature': 29, 'humidity': 67, 'sound': 124}
{'device_id': 'device_1', 'timestamp': '2020-05-04 13:13:04.653364', 'flow': 64, 'temperature': 32, 'humidity': 75, 'sound': 113}
{'device_id': 'device_1', 'timestamp': '2020-05-04 13:13:14.696626', 'flow': 98, 'temperature': 25, 'humidity': 56, 'sound': 129}
{'device_id': 'device_1', 'timestamp': '2020-05-04 13:13:24.740330', 'flow': 96, 'temperature': 33, 'humidity': 61, 'sound': 105}
{'device_id': 'device_1', 'timestamp': '2020-05-04 13:13:34.788339', 'flow': 69, 'temperature': 35, 'humidity': 77, 'sound': 117}
{'device_id': 'device_1', 'timestamp': '2020-05-04 13:13:44.832385', 'flow': 67, 'temperature': 15, 'humidity': 66, 'sound': 121}
{'device_id': 'device_1', 'timestamp': '2020-05-04 13:13:54.882111', 'flow': 73, 'temperature': 26, 'humidity': 88, 'sound': 105}
{'device_id': 'device_1', 'timestamp': '2020-05-04 13:14:04.927724', 'flow': 67, 'temperature': 33, 'humidity': 83, 'sound': 107}
{'device_id': 'device_1', 'timestamp': '2020-05-04 13:14:14.972278', 'flow': 74, 'temperature': 22, 'humidity': 90, 'sound': 112}
{'device_id': 'device_1', 'timestamp': '2020-05-04 13:14:25.017765', 'flow': 94, 'temperature': 33, 'humidity': 87, 'sound': 135}
{'device_id': 'device_1', 'timestamp': '2020-05-04 13:14:35.066200', 'flow': 70, 'temperature': 18, 'humidity': 64, 'sound': 130}
{'device_id': 'device_1', 'timestamp': '2020-05-04 13:14:45.135582', 'flow': 95, 'temperature': 17, 'humidity': 75, 'sound': 127}
{'device_id': 'device_1', 'timestamp': '2020-05-04 13:14:55.181165', 'flow': 75, 'temperature': 35, 'humidity': 61, 'sound': 103}
{'device_id': 'device_1', 'timestamp': '2020-05-04 13:15:05.227196', 'flow': 96, 'temperature': 29, 'humidity': 52, 'sound': 118}
{'device_id': 'device_1', 'timestamp': '2020-05-04 13:15:15.277917', 'flow': 67, 'temperature': 26, 'humidity': 88, 'sound': 130}
{'device_id': 'device_1', 'timestamp': '2020-05-04 13:15:25.324817', 'flow': 98, 'temperature': 19, 'humidity': 79, 'sound': 115}
{'device_id': 'device_1', 'timestamp': '2020-05-04 13:15:35.376202', 'flow': 63, 'temperature': 32, 'humidity': 73, 'sound': 130}
{'device_id': 'device_1', 'timestamp': '2020-05-04 13:15:45.436874', 'flow': 66, 'temperature': 27, 'humidity': 70, 'sound': 140}
{'device_id': 'device_1', 'timestamp': '2020-05-04 13:15:55.486351', 'flow': 61, 'temperature': 34, 'humidity': 69, 'sound': 130}
{'device_id': 'device_1', 'timestamp': '2020-05-04 13:16:05.530836', 'flow': 85, 'temperature': 31, 'humidity': 61, 'sound': 136}
{'device_id': 'device_1', 'timestamp': '2020-05-04 13:16:15.599109', 'flow': 75, 'temperature': 21, 'humidity': 54, 'sound': 109}
{'device_id': 'device_1', 'timestamp': '2020-05-04 13:16:25.644099', 'flow': 98, 'temperature': 30, 'humidity': 75, 'sound': 132}
{'device_id': 'device_1', 'timestamp': '2020-05-04 13:16:35.705543', 'flow': 93, 'temperature': 27, 'humidity': 61, 'sound': 132}
{'device_id': 'device_1', 'timestamp': '2020-05-04 13:16:45.753039', 'flow': 80, 'temperature': 32, 'humidity': 67, 'sound': 124}
{'device_id': 'device_1', 'timestamp': '2020-05-04 13:16:55.816042', 'flow': 89, 'temperature': 22, 'humidity': 63, 'sound': 101}
{'device_id': 'device_1', 'timestamp': '2020-05-04 13:17:05.913254', 'flow': 91, 'temperature': 17, 'humidity': 57, 'sound': 122}
{'device_id': 'device_1', 'timestamp': '2020-05-04 13:17:15.960456', 'flow': 87, 'temperature': 27, 'humidity': 54, 'sound': 134}
{'device_id': 'device_1', 'timestamp': '2020-05-04 13:17:26.007278', 'flow': 86, 'temperature': 25, 'humidity': 64, 'sound': 125}
{'device_id': 'device_1', 'timestamp': '2020-05-04 13:17:36.068819', 'flow': 85, 'temperature': 17, 'humidity': 90, 'sound': 123}
{'device_id': 'device_1', 'timestamp': '2020-05-04 13:17:46.118854', 'flow': 89, 'temperature': 31, 'humidity': 89, 'sound': 129}
{'device_id': 'device_1', 'timestamp': '2020-05-04 13:17:56.165723', 'flow': 99, 'temperature': 34, 'humidity': 72, 'sound': 120}
{'device_id': 'device_1', 'timestamp': '2020-05-04 13:18:06.211097', 'flow': 99, 'temperature': 34, 'humidity': 70, 'sound': 118}
{'device_id': 'device_1', 'timestamp': '2020-05-04 13:18:16.260419', 'flow': 100, 'temperature': 33, 'humidity': 85, 'sound': 124}
{'device_id': 'device_1', 'timestamp': '2020-05-04 13:18:26.311946', 'flow': 70, 'temperature': 21, 'humidity': 75, 'sound': 100}
{'device_id': 'device_1', 'timestamp': '2020-05-04 13:18:36.440907', 'flow': 60, 'temperature': 22, 'humidity': 88, 'sound': 129}
{'device_id': 'device_1', 'timestamp': '2020-05-04 13:18:46.526447', 'flow': 74, 'temperature': 21, 'humidity': 72, 'sound': 102}
{'device_id': 'device_1', 'timestamp': '2020-05-04 13:18:56.573442', 'flow': 74, 'temperature': 34, 'humidity': 72, 'sound': 100}
{'device_id': 'device_1', 'timestamp': '2020-05-04 13:19:06.621499', 'flow': 63, 'temperature': 16, 'humidity': 72, 'sound': 139}
{'device_id': 'device_1', 'timestamp': '2020-05-04 13:19:16.665638', 'flow': 97, 'temperature': 24, 'humidity': 86, 'sound': 122}
{'device_id': 'device_1', 'timestamp': '2020-05-04 13:19:26.793549', 'flow': 99, 'temperature': 20, 'humidity': 53, 'sound': 103}
{'device_id': 'device_1', 'timestamp': '2020-05-04 13:19:36.928070', 'flow': 99, 'temperature': 17, 'humidity': 88, 'sound': 120}
{'device_id': 'device_1', 'timestamp': '2020-05-04 13:19:46.983055', 'flow': 84, 'temperature': 28, 'humidity': 69, 'sound': 133}
{'device_id': 'device_1', 'timestamp': '2020-05-04 13:19:57.037566', 'flow': 100, 'temperature': 32, 'humidity': 58, 'sound': 120}
{'device_id': 'device_1', 'timestamp': '2020-05-04 13:20:07.086872', 'flow': 61, 'temperature': 18, 'humidity': 60, 'sound': 116}
{'device_id': 'device_1', 'timestamp': '2020-05-04 13:20:17.134399', 'flow': 64, 'temperature': 35, 'humidity': 55, 'sound': 126}
{'device_id': 'device_1', 'timestamp': '2020-05-04 13:20:27.214842', 'flow': 92, 'temperature': 30, 'humidity': 67, 'sound': 139}
{'device_id': 'device_1', 'timestamp': '2020-05-04 13:20:37.260558', 'flow': 94, 'temperature': 16, 'humidity': 64, 'sound': 139}
{'device_id': 'device_1', 'timestamp': '2020-05-04 13:20:47.369101', 'flow': 91, 'temperature': 32, 'humidity': 73, 'sound': 127}
{'device_id': 'device_1', 'timestamp': '2020-05-04 13:20:57.550817', 'flow': 65, 'temperature': 25, 'humidity': 71, 'sound': 105}
{'device_id': 'device_1', 'timestamp': '2020-05-04 13:21:07.595998', 'flow': 98, 'temperature': 16, 'humidity': 50, 'sound': 118}
{'device_id': 'device_1', 'timestamp': '2020-05-04 13:21:17.680640', 'flow': 81, 'temperature': 18, 'humidity': 62, 'sound': 128}
{'device_id': 'device_1', 'timestamp': '2020-05-04 13:21:27.724401', 'flow': 75, 'temperature': 21, 'humidity': 78, 'sound': 121}
{'device_id': 'device_1', 'timestamp': '2020-05-04 13:21:37.779849', 'flow': 100, 'temperature': 23, 'humidity': 74, 'sound': 115}
{'device_id': 'device_1', 'timestamp': '2020-05-04 13:21:47.823793', 'flow': 69, 'temperature': 27, 'humidity': 74, 'sound': 134}
{'device_id': 'device_1', 'timestamp': '2020-05-04 13:21:57.867778', 'flow': 87, 'temperature': 28, 'humidity': 80, 'sound': 105}
{'device_id': 'device_1', 'timestamp': '2020-05-04 13:22:07.911282', 'flow': 80, 'temperature': 15, 'humidity': 88, 'sound': 100}
{'device_id': 'device_1', 'timestamp': '2020-05-04 13:22:17.971210', 'flow': 94, 'temperature': 26, 'humidity': 59, 'sound': 118}
{'device_id': 'device_1', 'timestamp': '2020-05-04 13:22:28.054197', 'flow': 98, 'temperature': 17, 'humidity': 50, 'sound': 133}
{'device_id': 'device_1', 'timestamp': '2020-05-04 13:22:38.132488', 'flow': 96, 'temperature': 15, 'humidity': 69, 'sound': 134}
{'device_id': 'device_1', 'timestamp': '2020-05-04 13:22:48.198089', 'flow': 77, 'temperature': 31, 'humidity': 64, 'sound': 130}
{'device_id': 'device_1', 'timestamp': '2020-05-04 13:22:58.246097', 'flow': 95, 'temperature': 18, 'humidity': 54, 'sound': 119}
{'device_id': 'device_1', 'timestamp': '2020-05-04 13:23:08.286613', 'flow': 63, 'temperature': 32, 'humidity': 67, 'sound': 114}
{'device_id': 'device_1', 'timestamp': '2020-05-04 13:23:18.329266', 'flow': 61, 'temperature': 27, 'humidity': 54, 'sound': 139}
{'device_id': 'device_1', 'timestamp': '2020-05-04 13:23:28.385700', 'flow': 90, 'temperature': 15, 'humidity': 81, 'sound': 139}
{'device_id': 'device_1', 'timestamp': '2020-05-04 13:23:38.450232', 'flow': 73, 'temperature': 29, 'humidity': 78, 'sound': 102}
{'device_id': 'device_1', 'timestamp': '2020-05-04 13:23:48.523006', 'flow': 70, 'temperature': 19, 'humidity': 67, 'sound': 109}
{'device_id': 'device_1', 'timestamp': '2020-05-04 13:23:58.571428', 'flow': 71, 'temperature': 35, 'humidity': 51, 'sound': 115}
{'device_id': 'device_1', 'timestamp': '2020-05-04 13:24:08.612693', 'flow': 69, 'temperature': 34, 'humidity': 79, 'sound': 106}
{'device_id': 'device_1', 'timestamp': '2020-05-04 13:24:18.707229', 'flow': 81, 'temperature': 27, 'humidity': 86, 'sound': 130}
{'device_id': 'device_1', 'timestamp': '2020-05-04 13:24:28.805459', 'flow': 87, 'temperature': 15, 'humidity': 59, 'sound': 111}
{'device_id': 'device_1', 'timestamp': '2020-05-04 13:24:38.865696', 'flow': 63, 'temperature': 29, 'humidity': 55, 'sound': 103}
{'device_id': 'device_1', 'timestamp': '2020-05-04 13:24:48.911207', 'flow': 71, 'temperature': 15, 'humidity': 61, 'sound': 119}
{'device_id': 'device_1', 'timestamp': '2020-05-04 13:24:58.952899', 'flow': 61, 'temperature': 26, 'humidity': 61, 'sound': 135}
{'device_id': 'device_1', 'timestamp': '2020-05-04 13:25:09.008919', 'flow': 77, 'temperature': 20, 'humidity': 60, 'sound': 139}
{'device_id': 'device_1', 'timestamp': '2020-05-04 13:25:19.073649', 'flow': 66, 'temperature': 32, 'humidity': 69, 'sound': 126}
{'device_id': 'device_1', 'timestamp': '2020-05-04 13:25:29.159272', 'flow': 95, 'temperature': 31, 'humidity': 58, 'sound': 102}
{'device_id': 'device_1', 'timestamp': '2020-05-04 13:25:39.223339', 'flow': 83, 'temperature': 34, 'humidity': 81, 'sound': 131}
{'device_id': 'device_1', 'timestamp': '2020-05-04 13:25:49.272974', 'flow': 96, 'temperature': 29, 'humidity': 63, 'sound': 138}
{'device_id': 'device_1', 'timestamp': '2020-05-04 13:25:59.344464', 'flow': 83, 'temperature': 19, 'humidity': 66, 'sound': 138}
{'device_id': 'device_1', 'timestamp': '2020-05-04 13:26:09.445380', 'flow': 60, 'temperature': 31, 'humidity': 56, 'sound': 106}
{'device_id': 'device_1', 'timestamp': '2020-05-04 13:26:19.520294', 'flow': 61, 'temperature': 20, 'humidity': 73, 'sound': 126}
{'device_id': 'device_1', 'timestamp': '2020-05-04 13:26:29.566781', 'flow': 84, 'temperature': 25, 'humidity': 75, 'sound': 105}
{'device_id': 'device_1', 'timestamp': '2020-05-04 13:26:39.626801', 'flow': 64, 'temperature': 27, 'humidity': 69, 'sound': 125}
{'device_id': 'device_1', 'timestamp': '2020-05-04 13:26:49.723279', 'flow': 81, 'temperature': 21, 'humidity': 85, 'sound': 133}
{'device_id': 'device_1', 'timestamp': '2020-05-04 13:26:59.783986', 'flow': 89, 'temperature': 34, 'humidity': 81, 'sound': 137}
{'device_id': 'device_1', 'timestamp': '2020-05-04 13:27:09.844068', 'flow': 90, 'temperature': 32, 'humidity': 57, 'sound': 107}
{'device_id': 'device_1', 'timestamp': '2020-05-04 13:27:19.891043', 'flow': 76, 'temperature': 30, 'humidity': 68, 'sound': 102}
{'device_id': 'device_1', 'timestamp': '2020-05-04 13:27:29.969161', 'flow': 75, 'temperature': 28, 'humidity': 83, 'sound': 114}
{'device_id': 'device_1', 'timestamp': '2020-05-04 13:27:40.017940', 'flow': 71, 'temperature': 21, 'humidity': 74, 'sound': 123}
{'device_id': 'device_1', 'timestamp': '2020-05-04 13:27:50.064490', 'flow': 83, 'temperature': 18, 'humidity': 83, 'sound': 117}
{'device_id': 'device_1', 'timestamp': '2020-05-04 13:28:00.114067', 'flow': 88, 'temperature': 23, 'humidity': 79, 'sound': 137}
{'device_id': 'device_1', 'timestamp': '2020-05-04 13:28:10.165761', 'flow': 65, 'temperature': 16, 'humidity': 56, 'sound': 137}
{'device_id': 'device_1', 'timestamp': '2020-05-04 13:28:20.220386', 'flow': 85, 'temperature': 21, 'humidity': 63, 'sound': 124}
{'device_id': 'device_1', 'timestamp': '2020-05-04 13:28:30.272482', 'flow': 85, 'temperature': 21, 'humidity': 87, 'sound': 135}
{'device_id': 'device_1', 'timestamp': '2020-05-04 13:28:40.319636', 'flow': 69, 'temperature': 25, 'humidity': 68, 'sound': 123}
{'device_id': 'device_1', 'timestamp': '2020-05-04 13:28:50.364243', 'flow': 75, 'temperature': 18, 'humidity': 85, 'sound': 125}
{'device_id': 'device_1', 'timestamp': '2020-05-04 13:29:00.410895', 'flow': 72, 'temperature': 20, 'humidity': 87, 'sound': 106}
{'device_id': 'device_1', 'timestamp': '2020-05-04 13:29:10.453655', 'flow': 88, 'temperature': 18, 'humidity': 51, 'sound': 107}
{'device_id': 'device_1', 'timestamp': '2020-05-04 13:29:20.500133', 'flow': 74, 'temperature': 18, 'humidity': 84, 'sound': 135}
{'device_id': 'device_1', 'timestamp': '2020-05-04 13:29:30.564001', 'flow': 93, 'temperature': 34, 'humidity': 56, 'sound': 120}
{'device_id': 'device_1', 'timestamp': '2020-05-04 13:29:40.610391', 'flow': 62, 'temperature': 21, 'humidity': 75, 'sound': 102}
{'device_id': 'device_1', 'timestamp': '2020-05-04 13:29:50.655887', 'flow': 84, 'temperature': 30, 'humidity': 52, 'sound': 101}
{'device_id': 'device_1', 'timestamp': '2020-05-04 13:30:00.709469', 'flow': 75, 'temperature': 33, 'humidity': 71, 'sound': 105}
{'device_id': 'device_1', 'timestamp': '2020-05-04 13:30:10.761065', 'flow': 70, 'temperature': 32, 'humidity': 64, 'sound': 129}
{'device_id': 'device_1', 'timestamp': '2020-05-04 13:30:20.809040', 'flow': 79, 'temperature': 35, 'humidity': 71, 'sound': 137}
{'device_id': 'device_1', 'timestamp': '2020-05-04 13:30:30.854583', 'flow': 81, 'temperature': 28, 'humidity': 55, 'sound': 105}
{'device_id': 'device_1', 'timestamp': '2020-05-04 13:30:40.913897', 'flow': 60, 'temperature': 21, 'humidity': 77, 'sound': 124}
{'device_id': 'device_1', 'timestamp': '2020-05-04 13:30:50.959060', 'flow': 76, 'temperature': 35, 'humidity': 81, 'sound': 135}
{'device_id': 'device_1', 'timestamp': '2020-05-04 13:31:01.008660', 'flow': 90, 'temperature': 34, 'humidity': 76, 'sound': 139}
{'device_id': 'device_1', 'timestamp': '2020-05-04 13:31:11.058813', 'flow': 91, 'temperature': 27, 'humidity': 54, 'sound': 101}
{'device_id': 'device_1', 'timestamp': '2020-05-04 13:31:21.139403', 'flow': 62, 'temperature': 27, 'humidity': 53, 'sound': 119}
{'device_id': 'device_1', 'timestamp': '2020-05-04 13:31:31.226365', 'flow': 60, 'temperature': 27, 'humidity': 90, 'sound': 123}
{'device_id': 'device_1', 'timestamp': '2020-05-04 13:31:41.274301', 'flow': 94, 'temperature': 21, 'humidity': 87, 'sound': 101}
{'device_id': 'device_1', 'timestamp': '2020-05-04 13:31:51.322061', 'flow': 79, 'temperature': 32, 'humidity': 64, 'sound': 104}
{'device_id': 'device_1', 'timestamp': '2020-05-04 13:32:01.367942', 'flow': 62, 'temperature': 29, 'humidity': 90, 'sound': 137}
{'device_id': 'device_1', 'timestamp': '2020-05-04 13:32:11.417807', 'flow': 76, 'temperature': 23, 'humidity': 86, 'sound': 101}
{'device_id': 'device_1', 'timestamp': '2020-05-04 13:32:21.463656', 'flow': 73, 'temperature': 18, 'humidity': 57, 'sound': 121}
{'device_id': 'device_1', 'timestamp': '2020-05-04 13:32:31.529064', 'flow': 85, 'temperature': 32, 'humidity': 87, 'sound': 140}
{'device_id': 'device_1', 'timestamp': '2020-05-04 13:32:41.573644', 'flow': 90, 'temperature': 32, 'humidity': 59, 'sound': 140}
{'device_id': 'device_1', 'timestamp': '2020-05-04 13:32:51.624780', 'flow': 98, 'temperature': 34, 'humidity': 77, 'sound': 133}
{'device_id': 'device_1', 'timestamp': '2020-05-04 13:33:01.682665', 'flow': 95, 'temperature': 25, 'humidity': 87, 'sound': 117}
{'device_id': 'device_1', 'timestamp': '2020-05-04 13:33:11.765791', 'flow': 86, 'temperature': 20, 'humidity': 68, 'sound': 140}
{'device_id': 'device_1', 'timestamp': '2020-05-04 13:33:21.829224', 'flow': 73, 'temperature': 33, 'humidity': 68, 'sound': 130}
{'device_id': 'device_1', 'timestamp': '2020-05-04 13:33:31.874854', 'flow': 75, 'temperature': 23, 'humidity': 51, 'sound': 133}